#
# There is insufficient memory for the Java Runtime Environment to continue.
# Native memory allocation (malloc) failed to allocate 1209936 bytes for Chunk::new
# Possible reasons:
#   The system is out of physical RAM or swap space
#   The process is running with CompressedOops enabled, and the Java Heap may be blocking the growth of the native heap
# Possible solutions:
#   Reduce memory load on the system
#   Increase physical memory or swap space
#   Check if swap backing store is full
#   Decrease Java heap size (-Xmx/-Xms)
#   Decrease number of Java threads
#   Decrease Java thread stack sizes (-Xss)
#   Set larger code cache with -XX:ReservedCodeCacheSize=
#   JVM is running with Unscaled Compressed Oops mode in which the Java heap is
#     placed in the first 4GB address space. The Java Heap base address is the
#     maximum limit for the native heap growth. Please use -XX:HeapBaseMinAddress
#     to set the Java Heap base and to place the Java Heap above 4GB virtual address.
# This output file may be truncated or incomplete.
#
#  Out of Memory Error (allocation.cpp:389), pid=2440, tid=0x00000000000002c0
#
# JRE version: Java(TM) SE Runtime Environment (8.0_271-b09) (build 1.8.0_271-b09)
# Java VM: Java HotSpot(TM) 64-Bit Server VM (25.271-b09 mixed mode windows-amd64 compressed oops)
# Failed to write core dump. Minidumps are not enabled by default on client versions of Windows
#

---------------  T H R E A D  ---------------

Current thread (0x0000023dfcd0e000):  JavaThread "C2 CompilerThread1" daemon [_thread_in_native, id=704, stack(0x0000009643e00000,0x0000009643f00000)]

Stack: [0x0000009643e00000,0x0000009643f00000]
Native frames: (J=compiled Java code, j=interpreted, Vv=VM code, C=native code)
V  [jvm.dll+0x33f6c9]
V  [jvm.dll+0x286122]
V  [jvm.dll+0x286dcd]
V  [jvm.dll+0x27d805]
V  [jvm.dll+0xe574c]
V  [jvm.dll+0xe5f4c]
V  [jvm.dll+0x480043]
V  [jvm.dll+0x447c30]
V  [jvm.dll+0x450c25]
V  [jvm.dll+0x44ffe5]
V  [jvm.dll+0x43aef7]
V  [jvm.dll+0xbc3eb]
V  [jvm.dll+0xbaa4b]
V  [jvm.dll+0x24e7c2]
V  [jvm.dll+0x2a2dcc]
C  [ucrtbase.dll+0x210b2]
C  [KERNEL32.DLL+0x17c24]
C  [ntdll.dll+0x6d721]


Current CompileTask:
C2:   4796 2778       4       org.springframework.boot.context.properties.source.ConfigurationPropertyName$ElementsParser::parse (234 bytes)


---------------  P R O C E S S  ---------------

Java Threads: ( => current thread )
  0x0000023dfd515000 JavaThread "restartedMain" [_thread_in_vm, id=7388, stack(0x0000009644400000,0x0000009644500000)]
  0x0000023dfd51b000 JavaThread "Thread-0" [_thread_blocked, id=3212, stack(0x0000009644300000,0x0000009644400000)]
  0x0000023dfce2e800 JavaThread "Service Thread" daemon [_thread_blocked, id=20784, stack(0x0000009644100000,0x0000009644200000)]
  0x0000023dfcd89000 JavaThread "C1 CompilerThread3" daemon [_thread_blocked, id=15008, stack(0x0000009644000000,0x0000009644100000)]
  0x0000023dfcd84000 JavaThread "C2 CompilerThread2" daemon [_thread_in_native, id=21420, stack(0x0000009643f00000,0x0000009644000000)]
=>0x0000023dfcd0e000 JavaThread "C2 CompilerThread1" daemon [_thread_in_native, id=704, stack(0x0000009643e00000,0x0000009643f00000)]
  0x0000023dfcd0d800 JavaThread "C2 CompilerThread0" daemon [_thread_in_native, id=19692, stack(0x0000009643d00000,0x0000009643e00000)]
  0x0000023dfcacb800 JavaThread "JDWP Command Reader" daemon [_thread_in_native, id=21828, stack(0x0000009643c00000,0x0000009643d00000)]
  0x0000023dfcac4800 JavaThread "JDWP Event Helper Thread" daemon [_thread_blocked, id=17540, stack(0x0000009643b00000,0x0000009643c00000)]
  0x0000023dfcac0000 JavaThread "JDWP Transport Listener: dt_socket" daemon [_thread_blocked, id=11532, stack(0x0000009643a00000,0x0000009643b00000)]
  0x0000023dfa6a4800 JavaThread "Attach Listener" daemon [_thread_blocked, id=18776, stack(0x0000009643900000,0x0000009643a00000)]
  0x0000023dfa6a3800 JavaThread "Signal Dispatcher" daemon [_thread_blocked, id=21296, stack(0x0000009643800000,0x0000009643900000)]
  0x0000023dfa671800 JavaThread "Finalizer" daemon [_thread_blocked, id=20728, stack(0x0000009643700000,0x0000009643800000)]
  0x0000023dfa66a800 JavaThread "Reference Handler" daemon [_thread_blocked, id=14116, stack(0x0000009643600000,0x0000009643700000)]
  0x0000023df359c800 JavaThread "main" [_thread_blocked, id=5392, stack(0x0000009642a00000,0x0000009642b00000)]

Other Threads:
  0x0000023dfa641000 VMThread [stack: 0x0000009643500000,0x0000009643600000] [id=18296]
  0x0000023dfced4000 WatcherThread [stack: 0x0000009644200000,0x0000009644300000] [id=21548]

VM state:not at safepoint (normal execution)

VM Mutex/Monitor currently owned by a thread: None

heap address: 0x0000000082200000, size: 2014 MB, Compressed Oops mode: 32-bit
Narrow klass base: 0x0000000000000000, Narrow klass shift: 3
Compressed class space size: 1073741824 Address: 0x0000000100000000

Heap:
 PSYoungGen      total 67584K, used 31208K [0x00000000d6100000, 0x00000000dd700000, 0x0000000100000000)
  eden space 62464K, 41% used [0x00000000d6100000,0x00000000d7a7db68,0x00000000d9e00000)
  from space 5120K, 99% used [0x00000000da600000,0x00000000daafc7d8,0x00000000dab00000)
  to   space 8192K, 0% used [0x00000000d9e00000,0x00000000d9e00000,0x00000000da600000)
 ParOldGen       total 54272K, used 8011K [0x0000000082200000, 0x0000000085700000, 0x00000000d6100000)
  object space 54272K, 14% used [0x0000000082200000,0x00000000829d2d70,0x0000000085700000)
 Metaspace       used 28728K, capacity 30440K, committed 30592K, reserved 1075200K
  class space    used 3670K, capacity 3957K, committed 3968K, reserved 1048576K

Card table byte_map: [0x0000023df5220000,0x0000023df5610000] byte_map_base: 0x0000023df4e0f000

Marking Bits: (ParMarkBitMap*) 0x000000005e1d7fe0
 Begin Bits: [0x0000023df58b0000, 0x0000023df7828000)
 End Bits:   [0x0000023df7828000, 0x0000023df97a0000)

Polling page: 0x0000023df3500000

CodeCache: size=245760Kb used=10041Kb max_used=10041Kb free=235718Kb
 bounds [0x0000023d80000000, 0x0000023d809e0000, 0x0000023d8f000000]
 total_blobs=3271 nmethods=2867 adapters=324
 compilation: enabled

Compilation events (10 events):
Event: 4.731 Thread 0x0000023dfcd84000 nmethod 2825 0x0000023d809bfd90 code [0x0000023d809bff20, 0x0000023d809c0848]
Event: 4.731 Thread 0x0000023dfcd84000 2835       4       org.springframework.util.ClassUtils::isAssignable (84 bytes)
Event: 4.734 Thread 0x0000023dfcd84000 nmethod 2835 0x0000023d809c0f50 code [0x0000023d809c10c0, 0x0000023d809c14b8]
Event: 4.734 Thread 0x0000023dfcd84000 2836       4       org.springframework.util.ConcurrentReferenceHashMap::get (37 bytes)
Event: 4.736 Thread 0x0000023dfcd89000 2838       3       java.util.regex.Pattern$BitClass::isSatisfiedBy (22 bytes)
Event: 4.736 Thread 0x0000023dfcd89000 nmethod 2838 0x0000023d809b3210 code [0x0000023d809b3380, 0x0000023d809b3598]
Event: 4.737 Thread 0x0000023dfcd89000 2839       1       java.util.Formatter::access$000 (5 bytes)
Event: 4.737 Thread 0x0000023dfcd89000 nmethod 2839 0x0000023d809b8c50 code [0x0000023d809b8da0, 0x0000023d809b8e98]
Event: 4.738 Thread 0x0000023dfcd89000 2841   !   3       java.lang.Class::getSimpleBinaryName (38 bytes)
Event: 4.738 Thread 0x0000023dfcd89000 nmethod 2841 0x0000023d809bf010 code [0x0000023d809bf1e0, 0x0000023d809bf9f0]

GC Heap History (10 events):
Event: 1.919 GC heap before
{Heap before GC invocations=3 (full 0):
 PSYoungGen      total 37888K, used 37850K [0x00000000d6100000, 0x00000000d8b00000, 0x0000000100000000)
  eden space 32768K, 100% used [0x00000000d6100000,0x00000000d8100000,0x00000000d8100000)
  from space 5120K, 99% used [0x00000000d8600000,0x00000000d8af6a10,0x00000000d8b00000)
  to   space 5120K, 0% used [0x00000000d8100000,0x00000000d8100000,0x00000000d8600000)
 ParOldGen       total 86016K, used 24K [0x0000000082200000, 0x0000000087600000, 0x00000000d6100000)
  object space 86016K, 0% used [0x0000000082200000,0x0000000082206000,0x0000000087600000)
 Metaspace       used 15943K, capacity 16538K, committed 16768K, reserved 1064960K
  class space    used 1918K, capacity 2088K, committed 2176K, reserved 1048576K
Event: 1.928 GC heap after
Heap after GC invocations=3 (full 0):
 PSYoungGen      total 37888K, used 5105K [0x00000000d6100000, 0x00000000dab00000, 0x0000000100000000)
  eden space 32768K, 0% used [0x00000000d6100000,0x00000000d6100000,0x00000000d8100000)
  from space 5120K, 99% used [0x00000000d8100000,0x00000000d85fc4b0,0x00000000d8600000)
  to   space 5120K, 0% used [0x00000000da600000,0x00000000da600000,0x00000000dab00000)
 ParOldGen       total 86016K, used 2204K [0x0000000082200000, 0x0000000087600000, 0x00000000d6100000)
  object space 86016K, 2% used [0x0000000082200000,0x0000000082427278,0x0000000087600000)
 Metaspace       used 15943K, capacity 16538K, committed 16768K, reserved 1064960K
  class space    used 1918K, capacity 2088K, committed 2176K, reserved 1048576K
}
Event: 2.450 GC heap before
{Heap before GC invocations=4 (full 0):
 PSYoungGen      total 37888K, used 37873K [0x00000000d6100000, 0x00000000dab00000, 0x0000000100000000)
  eden space 32768K, 100% used [0x00000000d6100000,0x00000000d8100000,0x00000000d8100000)
  from space 5120K, 99% used [0x00000000d8100000,0x00000000d85fc4b0,0x00000000d8600000)
  to   space 5120K, 0% used [0x00000000da600000,0x00000000da600000,0x00000000dab00000)
 ParOldGen       total 86016K, used 2204K [0x0000000082200000, 0x0000000087600000, 0x00000000d6100000)
  object space 86016K, 2% used [0x0000000082200000,0x0000000082427278,0x0000000087600000)
 Metaspace       used 19073K, capacity 19742K, committed 19968K, reserved 1067008K
  class space    used 2354K, capacity 2522K, committed 2560K, reserved 1048576K
Event: 2.455 GC heap after
Heap after GC invocations=4 (full 0):
 PSYoungGen      total 70656K, used 5100K [0x00000000d6100000, 0x00000000dab00000, 0x0000000100000000)
  eden space 65536K, 0% used [0x00000000d6100000,0x00000000d6100000,0x00000000da100000)
  from space 5120K, 99% used [0x00000000da600000,0x00000000daafb0c0,0x00000000dab00000)
  to   space 5120K, 0% used [0x00000000da100000,0x00000000da100000,0x00000000da600000)
 ParOldGen       total 86016K, used 4297K [0x0000000082200000, 0x0000000087600000, 0x00000000d6100000)
  object space 86016K, 4% used [0x0000000082200000,0x0000000082632478,0x0000000087600000)
 Metaspace       used 19073K, capacity 19742K, committed 19968K, reserved 1067008K
  class space    used 2354K, capacity 2522K, committed 2560K, reserved 1048576K
}
Event: 2.931 GC heap before
{Heap before GC invocations=5 (full 0):
 PSYoungGen      total 70656K, used 33835K [0x00000000d6100000, 0x00000000dab00000, 0x0000000100000000)
  eden space 65536K, 43% used [0x00000000d6100000,0x00000000d7d0fee8,0x00000000da100000)
  from space 5120K, 99% used [0x00000000da600000,0x00000000daafb0c0,0x00000000dab00000)
  to   space 5120K, 0% used [0x00000000da100000,0x00000000da100000,0x00000000da600000)
 ParOldGen       total 86016K, used 4297K [0x0000000082200000, 0x0000000087600000, 0x00000000d6100000)
  object space 86016K, 4% used [0x0000000082200000,0x0000000082632478,0x0000000087600000)
 Metaspace       used 20224K, capacity 21084K, committed 21248K, reserved 1067008K
  class space    used 2495K, capacity 2702K, committed 2816K, reserved 1048576K
Event: 2.936 GC heap after
Heap after GC invocations=5 (full 0):
 PSYoungGen      total 70656K, used 5104K [0x00000000d6100000, 0x00000000dab00000, 0x0000000100000000)
  eden space 65536K, 0% used [0x00000000d6100000,0x00000000d6100000,0x00000000da100000)
  from space 5120K, 99% used [0x00000000da100000,0x00000000da5fc020,0x00000000da600000)
  to   space 5120K, 0% used [0x00000000da600000,0x00000000da600000,0x00000000dab00000)
 ParOldGen       total 86016K, used 5598K [0x0000000082200000, 0x0000000087600000, 0x00000000d6100000)
  object space 86016K, 6% used [0x0000000082200000,0x0000000082777820,0x0000000087600000)
 Metaspace       used 20224K, capacity 21084K, committed 21248K, reserved 1067008K
  class space    used 2495K, capacity 2702K, committed 2816K, reserved 1048576K
}
Event: 2.936 GC heap before
{Heap before GC invocations=6 (full 1):
 PSYoungGen      total 70656K, used 5104K [0x00000000d6100000, 0x00000000dab00000, 0x0000000100000000)
  eden space 65536K, 0% used [0x00000000d6100000,0x00000000d6100000,0x00000000da100000)
  from space 5120K, 99% used [0x00000000da100000,0x00000000da5fc020,0x00000000da600000)
  to   space 5120K, 0% used [0x00000000da600000,0x00000000da600000,0x00000000dab00000)
 ParOldGen       total 86016K, used 5598K [0x0000000082200000, 0x0000000087600000, 0x00000000d6100000)
  object space 86016K, 6% used [0x0000000082200000,0x0000000082777820,0x0000000087600000)
 Metaspace       used 20224K, capacity 21084K, committed 21248K, reserved 1067008K
  class space    used 2495K, capacity 2702K, committed 2816K, reserved 1048576K
Event: 2.955 GC heap after
Heap after GC invocations=6 (full 1):
 PSYoungGen      total 70656K, used 0K [0x00000000d6100000, 0x00000000dab00000, 0x0000000100000000)
  eden space 65536K, 0% used [0x00000000d6100000,0x00000000d6100000,0x00000000da100000)
  from space 5120K, 0% used [0x00000000da100000,0x00000000da100000,0x00000000da600000)
  to   space 5120K, 0% used [0x00000000da600000,0x00000000da600000,0x00000000dab00000)
 ParOldGen       total 54272K, used 6204K [0x0000000082200000, 0x0000000085700000, 0x00000000d6100000)
  object space 54272K, 11% used [0x0000000082200000,0x000000008280f1d8,0x0000000085700000)
 Metaspace       used 20224K, capacity 21084K, committed 21248K, reserved 1067008K
  class space    used 2495K, capacity 2702K, committed 2816K, reserved 1048576K
}
Event: 4.559 GC heap before
{Heap before GC invocations=7 (full 1):
 PSYoungGen      total 70656K, used 65536K [0x00000000d6100000, 0x00000000dab00000, 0x0000000100000000)
  eden space 65536K, 100% used [0x00000000d6100000,0x00000000da100000,0x00000000da100000)
  from space 5120K, 0% used [0x00000000da100000,0x00000000da100000,0x00000000da600000)
  to   space 5120K, 0% used [0x00000000da600000,0x00000000da600000,0x00000000dab00000)
 ParOldGen       total 54272K, used 6204K [0x0000000082200000, 0x0000000085700000, 0x00000000d6100000)
  object space 54272K, 11% used [0x0000000082200000,0x000000008280f1d8,0x0000000085700000)
 Metaspace       used 26601K, capacity 28112K, committed 28288K, reserved 1073152K
  class space    used 3373K, capacity 3637K, committed 3712K, reserved 1048576K
Event: 4.563 GC heap after
Heap after GC invocations=7 (full 1):
 PSYoungGen      total 67584K, used 5105K [0x00000000d6100000, 0x00000000dd700000, 0x0000000100000000)
  eden space 62464K, 0% used [0x00000000d6100000,0x00000000d6100000,0x00000000d9e00000)
  from space 5120K, 99% used [0x00000000da600000,0x00000000daafc7d8,0x00000000dab00000)
  to   space 8192K, 0% used [0x00000000d9e00000,0x00000000d9e00000,0x00000000da600000)
 ParOldGen       total 54272K, used 8011K [0x0000000082200000, 0x0000000085700000, 0x00000000d6100000)
  object space 54272K, 14% used [0x0000000082200000,0x00000000829d2d70,0x0000000085700000)
 Metaspace       used 26601K, capacity 28112K, committed 28288K, reserved 1073152K
  class space    used 3373K, capacity 3637K, committed 3712K, reserved 1048576K
}

Deoptimization events (10 events):
Event: 4.400 Thread 0x0000023dfd515000 Uncommon trap: reason=class_check action=maybe_recompile pc=0x0000023d801fe1a4 method=java.util.jar.JarFile.getJarEntry(Ljava/lang/String;)Ljava/util/jar/JarEntry; @ 2
Event: 4.416 Thread 0x0000023dfd515000 Uncommon trap: reason=class_check action=maybe_recompile pc=0x0000023d801fe1a4 method=java.util.jar.JarFile.getJarEntry(Ljava/lang/String;)Ljava/util/jar/JarEntry; @ 2
Event: 4.438 Thread 0x0000023dfd515000 Uncommon trap: reason=unstable_if action=reinterpret pc=0x0000023d80351624 method=java.lang.CharacterDataLatin1.isWhitespace(I)Z @ 14
Event: 4.462 Thread 0x0000023dfd515000 Uncommon trap: reason=unstable_if action=reinterpret pc=0x0000023d8062a94c method=sun.net.www.ParseUtil.decode(Ljava/lang/String;)Ljava/lang/String; @ 216
Event: 4.526 Thread 0x0000023dfd515000 Uncommon trap: reason=unstable_if action=reinterpret pc=0x0000023d808b5fd4 method=java.lang.ThreadLocal$ThreadLocalMap.getEntry(Ljava/lang/ThreadLocal;)Ljava/lang/ThreadLocal$ThreadLocalMap$Entry; @ 29
Event: 4.548 Thread 0x0000023dfd515000 Uncommon trap: reason=unstable_if action=reinterpret pc=0x0000023d808b68b0 method=java.lang.ThreadLocal$ThreadLocalMap.getEntry(Ljava/lang/ThreadLocal;)Ljava/lang/ThreadLocal$ThreadLocalMap$Entry; @ 29
Event: 4.635 Thread 0x0000023dfd515000 Uncommon trap: reason=unstable_if action=reinterpret pc=0x0000023d807025d8 method=org.springframework.util.ConcurrentReferenceHashMap$Segment.findInChain(Lorg/springframework/util/ConcurrentReferenceHashMap$Reference;Ljava/lang/Object;I)Lorg/springframewo
Event: 4.672 Thread 0x0000023dfd515000 Uncommon trap: reason=unstable_if action=reinterpret pc=0x0000023d806f8d18 method=org.springframework.util.ConcurrentReferenceHashMap$Segment.findInChain(Lorg/springframework/util/ConcurrentReferenceHashMap$Reference;Ljava/lang/Object;I)Lorg/springframewo
Event: 4.672 Thread 0x0000023dfd515000 Uncommon trap: reason=unstable_if action=reinterpret pc=0x0000023d806a594c method=org.springframework.util.ConcurrentReferenceHashMap$Segment.findInChain(Lorg/springframework/util/ConcurrentReferenceHashMap$Reference;Ljava/lang/Object;I)Lorg/springframewo
Event: 4.688 Thread 0x0000023dfd515000 Uncommon trap: reason=unstable_if action=reinterpret pc=0x0000023d807f0514 method=org.springframework.beans.factory.support.AbstractBeanFactory.isTypeMatch(Ljava/lang/String;Lorg/springframework/core/ResolvableType;Z)Z @ 559

Classes redefined (0 events):
No events

Internal exceptions (10 events):
Event: 4.656 Thread 0x0000023dfd515000 Exception <a 'java/lang/ClassNotFoundException': java/lang/ObjectCustomizer> (0x00000000d69c9618) thrown at [C:\jenkins\workspace\8-2-build-windows-amd64-cygwin\jdk8u271\605\hotspot\src\share\vm\classfile\systemDictionary.cpp, line 212]
Event: 4.657 Thread 0x0000023dfd515000 Exception <a 'java/lang/ClassNotFoundException': org/springframework/web/servlet/config/annotation/WebMvcConfigurationSupportCustomizer> (0x00000000d69e6450) thrown at [C:\jenkins\workspace\8-2-build-windows-amd64-cygwin\jdk8u271\605\hotspot\src\share\vm\
Event: 4.657 Thread 0x0000023dfd515000 Exception <a 'java/lang/ClassNotFoundException': org/springframework/web/servlet/config/annotation/DelegatingWebMvcConfigurationCustomizer> (0x00000000d6a14eb8) thrown at [C:\jenkins\workspace\8-2-build-windows-amd64-cygwin\jdk8u271\605\hotspot\src\share\
Event: 4.658 Thread 0x0000023dfd515000 Exception <a 'java/lang/ClassNotFoundException': org/springframework/boot/autoconfigure/web/servlet/WebMvcAutoConfiguration$EnableWebMvcConfigurationCustomizer> (0x00000000d6a382d0) thrown at [C:\jenkins\workspace\8-2-build-windows-amd64-cygwin\jdk8u271\6
Event: 4.658 Thread 0x0000023dfd515000 Exception <a 'java/lang/ClassNotFoundException': org/springframework/context/ResourceLoaderAwareCustomizer> (0x00000000d6a5c3a8) thrown at [C:\jenkins\workspace\8-2-build-windows-amd64-cygwin\jdk8u271\605\hotspot\src\share\vm\classfile\systemDictionary.cp
Event: 4.659 Thread 0x0000023dfd515000 Exception <a 'java/lang/ClassNotFoundException': org/springframework/beans/factory/AwareCustomizer> (0x00000000d6a6e380) thrown at [C:\jenkins\workspace\8-2-build-windows-amd64-cygwin\jdk8u271\605\hotspot\src\share\vm\classfile\systemDictionary.cpp, line 
Event: 4.659 Thread 0x0000023dfd515000 Exception <a 'java/lang/ClassNotFoundException': org/springframework/context/ApplicationContextAwareCustomizer> (0x00000000d6a81bd0) thrown at [C:\jenkins\workspace\8-2-build-windows-amd64-cygwin\jdk8u271\605\hotspot\src\share\vm\classfile\systemDictionar
Event: 4.659 Thread 0x0000023dfd515000 Exception <a 'java/lang/ClassNotFoundException': org/springframework/beans/factory/AwareCustomizer> (0x00000000d6a941c0) thrown at [C:\jenkins\workspace\8-2-build-windows-amd64-cygwin\jdk8u271\605\hotspot\src\share\vm\classfile\systemDictionary.cpp, line 
Event: 4.660 Thread 0x0000023dfd515000 Exception <a 'java/lang/ClassNotFoundException': org/springframework/web/context/ServletContextAwareCustomizer> (0x00000000d6aa7a40) thrown at [C:\jenkins\workspace\8-2-build-windows-amd64-cygwin\jdk8u271\605\hotspot\src\share\vm\classfile\systemDictionar
Event: 4.660 Thread 0x0000023dfd515000 Exception <a 'java/lang/ClassNotFoundException': org/springframework/beans/factory/AwareCustomizer> (0x00000000d6ab9aa0) thrown at [C:\jenkins\workspace\8-2-build-windows-amd64-cygwin\jdk8u271\605\hotspot\src\share\vm\classfile\systemDictionary.cpp, line 

Events (10 events):
Event: 4.738 loading class org/springframework/scheduling/concurrent/ThreadPoolTaskExecutor
Event: 4.738 loading class org/springframework/scheduling/concurrent/ThreadPoolTaskExecutor done
Event: 4.738 loading class org/springframework/scheduling/concurrent/ThreadPoolTaskExecutor
Event: 4.738 loading class org/springframework/scheduling/concurrent/ThreadPoolTaskExecutor done
Event: 4.738 loading class org/springframework/core/task/TaskDecorator
Event: 4.738 loading class org/springframework/core/task/TaskDecorator done
Event: 4.738 loading class org/springframework/core/task/TaskDecorator
Event: 4.738 loading class org/springframework/core/task/TaskDecorator done
Event: 4.738 loading class org/springframework/scheduling/concurrent/ThreadPoolTaskExecutor
Event: 4.738 loading class org/springframework/scheduling/concurrent/ThreadPoolTaskExecutor done


Dynamic libraries:
0x00007ff63e7b0000 - 0x00007ff63e7f7000 	D:\Program Files (x86)\Java\bin\java.exe
0x00007ffc36140000 - 0x00007ffc36330000 	C:\WINDOWS\SYSTEM32\ntdll.dll
0x00007ffc355d0000 - 0x00007ffc35682000 	C:\WINDOWS\System32\KERNEL32.DLL
0x00007ffc333a0000 - 0x00007ffc33645000 	C:\WINDOWS\System32\KERNELBASE.dll
0x00007ffc349c0000 - 0x00007ffc34a63000 	C:\WINDOWS\System32\ADVAPI32.dll
0x00007ffc35fe0000 - 0x00007ffc3607e000 	C:\WINDOWS\System32\msvcrt.dll
0x00007ffc34e10000 - 0x00007ffc34ea7000 	C:\WINDOWS\System32\sechost.dll
0x00007ffc34f90000 - 0x00007ffc350af000 	C:\WINDOWS\System32\RPCRT4.dll
0x00007ffc35420000 - 0x00007ffc355b4000 	C:\WINDOWS\System32\USER32.dll
0x00007ffc33370000 - 0x00007ffc33391000 	C:\WINDOWS\System32\win32u.dll
0x00007ffc341f0000 - 0x00007ffc34216000 	C:\WINDOWS\System32\GDI32.dll
0x00007ffc33650000 - 0x00007ffc337e8000 	C:\WINDOWS\System32\gdi32full.dll
0x00007ffc337f0000 - 0x00007ffc3388e000 	C:\WINDOWS\System32\msvcp_win.dll
0x00007ffc330b0000 - 0x00007ffc331aa000 	C:\WINDOWS\System32\ucrtbase.dll
0x00007ffc234b0000 - 0x00007ffc23734000 	C:\WINDOWS\WinSxS\amd64_microsoft.windows.common-controls_6595b64144ccf1df_6.0.18362.1440_none_9e7dbfb9e45e8e67\COMCTL32.dll
0x00007ffc34ad0000 - 0x00007ffc34e06000 	C:\WINDOWS\System32\combase.dll
0x00007ffc34160000 - 0x00007ffc341e1000 	C:\WINDOWS\System32\bcryptPrimitives.dll
0x00007ffc35760000 - 0x00007ffc3578e000 	C:\WINDOWS\System32\IMM32.DLL
0x00007ffc2edf0000 - 0x00007ffc2ee05000 	D:\Program Files (x86)\Java\jre\bin\vcruntime140.dll
0x00007ffc21990000 - 0x00007ffc21a2b000 	D:\Program Files (x86)\Java\jre\bin\msvcp140.dll
0x000000005d9e0000 - 0x000000005e24f000 	D:\Program Files (x86)\Java\jre\bin\server\jvm.dll
0x00007ffc355c0000 - 0x00007ffc355c8000 	C:\WINDOWS\System32\PSAPI.DLL
0x00007ffc1e230000 - 0x00007ffc1e239000 	C:\WINDOWS\SYSTEM32\WSOCK32.dll
0x00007ffc30580000 - 0x00007ffc305a4000 	C:\WINDOWS\SYSTEM32\WINMM.dll
0x00007ffc2a5a0000 - 0x00007ffc2a5aa000 	C:\WINDOWS\SYSTEM32\VERSION.dll
0x00007ffc35e20000 - 0x00007ffc35e8f000 	C:\WINDOWS\System32\WS2_32.dll
0x00007ffc303f0000 - 0x00007ffc3041d000 	C:\WINDOWS\SYSTEM32\winmmbase.dll
0x00007ffc338c0000 - 0x00007ffc3390a000 	C:\WINDOWS\System32\cfgmgr32.dll
0x00007ffc33020000 - 0x00007ffc33031000 	C:\WINDOWS\System32\kernel.appcore.dll
0x00007ffc2ede0000 - 0x00007ffc2edf0000 	D:\Program Files (x86)\Java\jre\bin\verify.dll
0x00007ffc2dde0000 - 0x00007ffc2de0b000 	D:\Program Files (x86)\Java\jre\bin\java.dll
0x00007ffc20aa0000 - 0x00007ffc20ad6000 	D:\Program Files (x86)\Java\jre\bin\jdwp.dll
0x00007ffc2ddd0000 - 0x00007ffc2ddd9000 	D:\Program Files (x86)\Java\jre\bin\npt.dll
0x00007ffc21c60000 - 0x00007ffc21c90000 	D:\Program Files (x86)\Java\jre\bin\instrument.dll
0x00007ffc22de0000 - 0x00007ffc22df8000 	D:\Program Files (x86)\Java\jre\bin\zip.dll
0x00007ffc34220000 - 0x00007ffc34908000 	C:\WINDOWS\System32\SHELL32.dll
0x00007ffc35290000 - 0x00007ffc35337000 	C:\WINDOWS\System32\shcore.dll
0x00007ffc339e0000 - 0x00007ffc3415b000 	C:\WINDOWS\System32\windows.storage.dll
0x00007ffc33090000 - 0x00007ffc330ae000 	C:\WINDOWS\System32\profapi.dll
0x00007ffc33040000 - 0x00007ffc3308a000 	C:\WINDOWS\System32\powrprof.dll
0x00007ffc32ff0000 - 0x00007ffc33000000 	C:\WINDOWS\System32\UMPDC.dll
0x00007ffc34f10000 - 0x00007ffc34f62000 	C:\WINDOWS\System32\shlwapi.dll
0x00007ffc33910000 - 0x00007ffc33927000 	C:\WINDOWS\System32\cryptsp.dll
0x00007ffc21ce0000 - 0x00007ffc21cea000 	D:\Program Files (x86)\Java\jre\bin\dt_socket.dll
0x00007ffc32830000 - 0x00007ffc32897000 	C:\WINDOWS\system32\mswsock.dll
0x00007ffc2edd0000 - 0x00007ffc2eddd000 	D:\Program Files (x86)\java\jre\bin\management.dll
0x00007ffc22dc0000 - 0x00007ffc22ddc000 	D:\Program Files (x86)\java\jre\bin\net.dll
0x00007ffc18970000 - 0x00007ffc18986000 	C:\WINDOWS\system32\napinsp.dll
0x00007ffc18950000 - 0x00007ffc1896a000 	C:\WINDOWS\system32\pnrpnsp.dll
0x00007ffc2ebd0000 - 0x00007ffc2ebec000 	C:\WINDOWS\system32\NLAapi.dll
0x00007ffc32540000 - 0x00007ffc3257a000 	C:\WINDOWS\SYSTEM32\IPHLPAPI.DLL
0x00007ffc18900000 - 0x00007ffc18915000 	C:\WINDOWS\system32\wshbth.dll
0x00007ffc32580000 - 0x00007ffc3264b000 	C:\WINDOWS\SYSTEM32\DNSAPI.dll
0x00007ffc35fd0000 - 0x00007ffc35fd8000 	C:\WINDOWS\System32\NSI.dll
0x00007ffc188e0000 - 0x00007ffc188ee000 	C:\WINDOWS\System32\winrnr.dll
0x00007ffc209e0000 - 0x00007ffc209ea000 	C:\Windows\System32\rasadhlp.dll
0x00007ffc2a3c0000 - 0x00007ffc2a437000 	C:\WINDOWS\System32\fwpuclnt.dll
0x00007ffc33890000 - 0x00007ffc338b6000 	C:\WINDOWS\System32\bcrypt.dll
0x00007ffc21f40000 - 0x00007ffc21f53000 	D:\Program Files (x86)\java\jre\bin\nio.dll
0x00007ffc323b0000 - 0x00007ffc323e3000 	C:\WINDOWS\system32\rsaenh.dll
0x00007ffc32ed0000 - 0x00007ffc32ef5000 	C:\WINDOWS\SYSTEM32\USERENV.dll
0x00007ffc32a00000 - 0x00007ffc32a0c000 	C:\WINDOWS\SYSTEM32\CRYPTBASE.dll
0x00007ffc2a660000 - 0x00007ffc2a676000 	C:\WINDOWS\SYSTEM32\dhcpcsvc6.DLL
0x00007ffc2a8b0000 - 0x00007ffc2a8cc000 	C:\WINDOWS\SYSTEM32\dhcpcsvc.DLL
0x00007ffc31900000 - 0x00007ffc31af4000 	C:\WINDOWS\SYSTEM32\dbghelp.dll

VM Arguments:
jvm_args: -agentlib:jdwp=transport=dt_socket,address=127.0.0.1:1457,suspend=y,server=n -Dspring.output.ansi.enabled=always -javaagent:C:\Users\Áõ½ð¸ý\AppData\Local\JetBrains\IntelliJIdea2020.1\captureAgent\debugger-agent.jar -Dfile.encoding=UTF-8 
java_command: org.example.BootApplication
java_class_path (initial): D:\Program Files (x86)\java\jre\lib\charsets.jar;D:\Program Files (x86)\java\jre\lib\deploy.jar;D:\Program Files (x86)\java\jre\lib\ext\access-bridge-64.jar;D:\Program Files (x86)\java\jre\lib\ext\cldrdata.jar;D:\Program Files (x86)\java\jre\lib\ext\dnsns.jar;D:\Program Files (x86)\java\jre\lib\ext\jaccess.jar;D:\Program Files (x86)\java\jre\lib\ext\jfxrt.jar;D:\Program Files (x86)\java\jre\lib\ext\localedata.jar;D:\Program Files (x86)\java\jre\lib\ext\nashorn.jar;D:\Program Files (x86)\java\jre\lib\ext\sunec.jar;D:\Program Files (x86)\java\jre\lib\ext\sunjce_provider.jar;D:\Program Files (x86)\java\jre\lib\ext\sunmscapi.jar;D:\Program Files (x86)\java\jre\lib\ext\sunpkcs11.jar;D:\Program Files (x86)\java\jre\lib\ext\zipfs.jar;D:\Program Files (x86)\java\jre\lib\javaws.jar;D:\Program Files (x86)\java\jre\lib\jce.jar;D:\Program Files (x86)\java\jre\lib\jfr.jar;D:\Program Files (x86)\java\jre\lib\jfxswt.jar;D:\Program Files (x86)\java\jre\lib\jsse.jar;D:\Program Files (x86)\java\jre\lib\management-agent.jar;D:\Program Files (x86)\java\jre\lib\plugin.jar;D:\Program Files (x86)\java\jre\lib\resources.jar;D:\Program Files (x86)\java\jre\lib\rt.jar;D:\JavaPrectice\SpringBoot_Study\target\classes;D:\Program Files (x86)\Environment\Repository\Maven\org\springframework\boot\spring-boot-starter-web\2.3.5.RELEASE\spring-boot-starter-web-2.3.5.RELEASE.jar;D:\Program Files (x86)\Environment\Repository\Maven\org\springframework\boot\spring-boot-starter\2.3.5.RELEASE\spring-boot-starter-2.3.5.RELEASE.jar;D:\Program Files (x86)\Environment\Repository\Maven\org\springframework\boot\spring-boot-starter-logging\2.3.5.RELEASE\spring-boot-starter-logging-2.3.5.RELEASE.jar;D:\Program Files (x86)\Environment\Repository\Maven\ch\qos\logback\logback-classic\1.2.3\logback-classic-1.2.3.jar;D:\Program Files (x86)\Environment\Repository\Maven\ch\qos\logback\logback-core\1.2.3\logback-core-1.2.3.jar;D:\Program Files (x86)\Environment\Repository\Maven\org\apache\logg
Launcher Type: SUN_STANDARD

Environment Variables:
JAVA_HOME=D:\Program Files (x86)\java
PATH=C:\WINDOWS\system32;C:\WINDOWS;C:\WINDOWS\System32\Wbem;C:\WINDOWS\System32\WindowsPowerShell\v1.0\;C:\WINDOWS\System32\OpenSSH\;E:\Program Files (x86)\Microsoft SQL Server\110\DTS\Binn\;E:\Program Files (x86)\Microsoft SQL Server\110\Tools\Binn\;E:\Program Files (x86)\Microsoft SQL Server\110\Tools\Binn\ManagementStudio\;C:\Program Files (x86)\Microsoft Visual Studio 10.0\Common7\IDE\PrivateAssemblies\;D:\Program Files (x86)\java\bin;D:\Program Files (x86)\java\jre\bin;E:\Program Files\Microsoft SQL Server\110\Tools\Binn\;C:\Program Files\MySQL\MySQL Server 5.7\bin;D:\Program Files (x86)\Environment\Git\cmd;D:\Program Files (x86)\Xshell\;C:\Program Files (x86)\Windows Kits\8.1\Windows Performance Toolkit\;C:\Program Files\MySQL\MySQL Shell 8.0\bin\
USERNAME=KING
OS=Windows_NT
PROCESSOR_IDENTIFIER=Intel64 Family 6 Model 158 Stepping 10, GenuineIntel



---------------  S Y S T E M  ---------------

OS: Windows 10.0 , 64 bit Build 18362 (10.0.18362.1350)

CPU:total 12 (initial active 12) (6 cores per cpu, 2 threads per core) family 6 model 158 stepping 10, cmov, cx8, fxsr, mmx, sse, sse2, sse3, ssse3, sse4.1, sse4.2, popcnt, avx, avx2, aes, clmul, erms, 3dnowpref, lzcnt, ht, tsc, tscinvbit, bmi1, bmi2, adx

Memory: 4k page, physical 8241976k(604312k free), swap 21788596k(5220k free)

vm_info: Java HotSpot(TM) 64-Bit Server VM (25.271-b09) for windows-amd64 JRE (1.8.0_271-b09), built on Sep 16 2020 19:14:59 by "" with MS VC++ 15.9 (VS2017)

time: Sun Jul  4 11:46:26 2021
timezone: ?D1¨²¡À¨º¡Á?¨º¡À??
elapsed time: 4.803351 seconds (0d 0h 0m 4s)

