#
# There is insufficient memory for the Java Runtime Environment to continue.
# Native memory allocation (malloc) failed to allocate 2220416 bytes for Chunk::new
# Possible reasons:
#   The system is out of physical RAM or swap space
#   The process is running with CompressedOops enabled, and the Java Heap may be blocking the growth of the native heap
# Possible solutions:
#   Reduce memory load on the system
#   Increase physical memory or swap space
#   Check if swap backing store is full
#   Decrease Java heap size (-Xmx/-Xms)
#   Decrease number of Java threads
#   Decrease Java thread stack sizes (-Xss)
#   Set larger code cache with -XX:ReservedCodeCacheSize=
#   JVM is running with Unscaled Compressed Oops mode in which the Java heap is
#     placed in the first 4GB address space. The Java Heap base address is the
#     maximum limit for the native heap growth. Please use -XX:HeapBaseMinAddress
#     to set the Java Heap base and to place the Java Heap above 4GB virtual address.
# This output file may be truncated or incomplete.
#
#  Out of Memory Error (allocation.cpp:389), pid=18512, tid=0x00000000000055cc
#
# JRE version: Java(TM) SE Runtime Environment (8.0_271-b09) (build 1.8.0_271-b09)
# Java VM: Java HotSpot(TM) 64-Bit Server VM (25.271-b09 mixed mode windows-amd64 compressed oops)
# Failed to write core dump. Minidumps are not enabled by default on client versions of Windows
#

---------------  T H R E A D  ---------------

Current thread (0x0000028029955000):  JavaThread "C2 CompilerThread0" daemon [_thread_in_native, id=21964, stack(0x000000dcdd000000,0x000000dcdd100000)]

Stack: [0x000000dcdd000000,0x000000dcdd100000]
Native frames: (J=compiled Java code, j=interpreted, Vv=VM code, C=native code)
V  [jvm.dll+0x33f6c9]
V  [jvm.dll+0x286122]
V  [jvm.dll+0x286dcd]
V  [jvm.dll+0x27d805]
V  [jvm.dll+0xe574c]
V  [jvm.dll+0xe5f4c]
V  [jvm.dll+0x480095]
V  [jvm.dll+0x447c30]
V  [jvm.dll+0x450c25]
V  [jvm.dll+0x44ffe5]
V  [jvm.dll+0x43aef7]
V  [jvm.dll+0xbc3eb]
V  [jvm.dll+0xbaa4b]
V  [jvm.dll+0x24e7c2]
V  [jvm.dll+0x2a2dcc]
C  [ucrtbase.dll+0x210b2]
C  [KERNEL32.DLL+0x17c24]
C  [ntdll.dll+0x6d721]


Current CompileTask:
C2:   2223 2152       4       java.net.URLClassLoader$1::run (5 bytes)


---------------  P R O C E S S  ---------------

Java Threads: ( => current thread )
  0x000002802a076800 JavaThread "restartedMain" [_thread_in_native, id=19076, stack(0x000000dcdd700000,0x000000dcdd800000)]
  0x000002802a036800 JavaThread "Thread-0" [_thread_blocked, id=17228, stack(0x000000dcdd600000,0x000000dcdd700000)]
  0x00000280299ff000 JavaThread "Service Thread" daemon [_thread_blocked, id=21936, stack(0x000000dcdd400000,0x000000dcdd500000)]
  0x000002802995a000 JavaThread "C1 CompilerThread3" daemon [_thread_blocked, id=11448, stack(0x000000dcdd300000,0x000000dcdd400000)]
  0x0000028029958800 JavaThread "C2 CompilerThread2" daemon [_thread_in_native, id=668, stack(0x000000dcdd200000,0x000000dcdd300000)]
  0x0000028029956000 JavaThread "C2 CompilerThread1" daemon [_thread_in_native, id=17180, stack(0x000000dcdd100000,0x000000dcdd200000)]
=>0x0000028029955000 JavaThread "C2 CompilerThread0" daemon [_thread_in_native, id=21964, stack(0x000000dcdd000000,0x000000dcdd100000)]
  0x000002802969f800 JavaThread "JDWP Command Reader" daemon [_thread_in_native, id=22020, stack(0x000000dcdcf00000,0x000000dcdd000000)]
  0x000002802969a800 JavaThread "JDWP Event Helper Thread" daemon [_thread_blocked, id=8124, stack(0x000000dcdce00000,0x000000dcdcf00000)]
  0x0000028029697000 JavaThread "JDWP Transport Listener: dt_socket" daemon [_thread_blocked, id=21200, stack(0x000000dcdcd00000,0x000000dcdce00000)]
  0x000002802728b000 JavaThread "Attach Listener" daemon [_thread_blocked, id=1796, stack(0x000000dcdcc00000,0x000000dcdcd00000)]
  0x0000028029683800 JavaThread "Signal Dispatcher" daemon [_thread_blocked, id=18996, stack(0x000000dcdcb00000,0x000000dcdcc00000)]
  0x0000028027253000 JavaThread "Finalizer" daemon [_thread_blocked, id=21248, stack(0x000000dcdca00000,0x000000dcdcb00000)]
  0x0000028027248000 JavaThread "Reference Handler" daemon [_thread_blocked, id=6696, stack(0x000000dcdc900000,0x000000dcdca00000)]
  0x000002801105b800 JavaThread "main" [_thread_blocked, id=12940, stack(0x000000dcdbd00000,0x000000dcdbe00000)]

Other Threads:
  0x000002802721d800 VMThread [stack: 0x000000dcdc800000,0x000000dcdc900000] [id=9960]
  0x0000028029acc000 WatcherThread [stack: 0x000000dcdd500000,0x000000dcdd600000] [id=21604]

VM state:not at safepoint (normal execution)

VM Mutex/Monitor currently owned by a thread: None

heap address: 0x0000000082200000, size: 2014 MB, Compressed Oops mode: 32-bit
Narrow klass base: 0x0000000000000000, Narrow klass shift: 3
Compressed class space size: 1073741824 Address: 0x0000000100000000

Heap:
 PSYoungGen      total 70656K, used 48371K [0x00000000d6100000, 0x00000000dab00000, 0x0000000100000000)
  eden space 65536K, 73% used [0x00000000d6100000,0x00000000d903cd80,0x00000000da100000)
  from space 5120K, 0% used [0x00000000da100000,0x00000000da100000,0x00000000da600000)
  to   space 5120K, 0% used [0x00000000da600000,0x00000000da600000,0x00000000dab00000)
 ParOldGen       total 54784K, used 6246K [0x0000000082200000, 0x0000000085780000, 0x00000000d6100000)
  object space 54784K, 11% used [0x0000000082200000,0x0000000082819b88,0x0000000085780000)
 Metaspace       used 24003K, capacity 25520K, committed 25600K, reserved 1071104K
  class space    used 3049K, capacity 3309K, committed 3328K, reserved 1048576K

Card table byte_map: [0x0000028021f30000,0x0000028022320000] byte_map_base: 0x0000028021b1f000

Marking Bits: (ParMarkBitMap*) 0x000000005e1d7fe0
 Begin Bits: [0x00000280225c0000, 0x0000028024538000)
 End Bits:   [0x0000028024538000, 0x00000280264b0000)

Polling page: 0x0000028011260000

CodeCache: size=245760Kb used=8419Kb max_used=8419Kb free=237340Kb
 bounds [0x0000028012b70000, 0x00000280133b0000, 0x0000028021b70000]
 total_blobs=2828 nmethods=2457 adapters=291
 compilation: enabled

Compilation events (10 events):
Event: 2.186 Thread 0x000002802995a000 2462       3       java.lang.reflect.Method::equals (69 bytes)
Event: 2.187 Thread 0x000002802995a000 nmethod 2462 0x00000280133a5290 code [0x00000280133a5420, 0x00000280133a5db0]
Event: 2.187 Thread 0x000002802995a000 2463       3       java.lang.Class$MethodArray::removeLessSpecifics (111 bytes)
Event: 2.188 Thread 0x000002802995a000 nmethod 2463 0x00000280133a5f10 code [0x00000280133a6120, 0x00000280133a6ec0]
Event: 2.188 Thread 0x000002802995a000 2464       3       sun.misc.ProxyGenerator$ProxyMethod::<init> (64 bytes)
Event: 2.189 Thread 0x000002802995a000 nmethod 2464 0x00000280133a7410 code [0x00000280133a75e0, 0x00000280133a7eb0]
Event: 2.190 Thread 0x000002802995a000 2465       3       java.lang.reflect.Field::getDeclaredAnnotations (8 bytes)
Event: 2.190 Thread 0x000002802995a000 nmethod 2465 0x00000280133a8390 code [0x00000280133a8520, 0x00000280133a89b0]
Event: 2.190 Thread 0x000002802995a000 2466       3       java.lang.Class$MethodArray::getFirst (36 bytes)
Event: 2.190 Thread 0x000002802995a000 nmethod 2466 0x00000280133a8b50 code [0x00000280133a8cc0, 0x00000280133a8f38]

GC Heap History (10 events):
Event: 0.973 GC heap before
{Heap before GC invocations=2 (full 0):
 PSYoungGen      total 37888K, used 37749K [0x00000000d6100000, 0x00000000d8b00000, 0x0000000100000000)
  eden space 32768K, 100% used [0x00000000d6100000,0x00000000d8100000,0x00000000d8100000)
  from space 5120K, 97% used [0x00000000d8100000,0x00000000d85dd7c0,0x00000000d8600000)
  to   space 5120K, 0% used [0x00000000d8600000,0x00000000d8600000,0x00000000d8b00000)
 ParOldGen       total 86016K, used 16K [0x0000000082200000, 0x0000000087600000, 0x00000000d6100000)
  object space 86016K, 0% used [0x0000000082200000,0x0000000082204000,0x0000000087600000)
 Metaspace       used 11920K, capacity 12470K, committed 12672K, reserved 1060864K
  class space    used 1454K, capacity 1582K, committed 1664K, reserved 1048576K
Event: 0.979 GC heap after
Heap after GC invocations=2 (full 0):
 PSYoungGen      total 37888K, used 5050K [0x00000000d6100000, 0x00000000dab00000, 0x0000000100000000)
  eden space 32768K, 0% used [0x00000000d6100000,0x00000000d6100000,0x00000000d8100000)
  from space 5120K, 98% used [0x00000000d8600000,0x00000000d8aeea10,0x00000000d8b00000)
  to   space 5120K, 0% used [0x00000000d8100000,0x00000000d8100000,0x00000000d8600000)
 ParOldGen       total 86016K, used 24K [0x0000000082200000, 0x0000000087600000, 0x00000000d6100000)
  object space 86016K, 0% used [0x0000000082200000,0x0000000082206000,0x0000000087600000)
 Metaspace       used 11920K, capacity 12470K, committed 12672K, reserved 1060864K
  class space    used 1454K, capacity 1582K, committed 1664K, reserved 1048576K
}
Event: 1.114 GC heap before
{Heap before GC invocations=3 (full 0):
 PSYoungGen      total 37888K, used 37818K [0x00000000d6100000, 0x00000000dab00000, 0x0000000100000000)
  eden space 32768K, 100% used [0x00000000d6100000,0x00000000d8100000,0x00000000d8100000)
  from space 5120K, 98% used [0x00000000d8600000,0x00000000d8aeea10,0x00000000d8b00000)
  to   space 5120K, 0% used [0x00000000d8100000,0x00000000d8100000,0x00000000d8600000)
 ParOldGen       total 86016K, used 24K [0x0000000082200000, 0x0000000087600000, 0x00000000d6100000)
  object space 86016K, 0% used [0x0000000082200000,0x0000000082206000,0x0000000087600000)
 Metaspace       used 15922K, capacity 16462K, committed 16768K, reserved 1064960K
  class space    used 1918K, capacity 2058K, committed 2176K, reserved 1048576K
Event: 1.119 GC heap after
Heap after GC invocations=3 (full 0):
 PSYoungGen      total 37888K, used 5088K [0x00000000d6100000, 0x00000000dab00000, 0x0000000100000000)
  eden space 32768K, 0% used [0x00000000d6100000,0x00000000d6100000,0x00000000d8100000)
  from space 5120K, 99% used [0x00000000d8100000,0x00000000d85f83d8,0x00000000d8600000)
  to   space 5120K, 0% used [0x00000000da600000,0x00000000da600000,0x00000000dab00000)
 ParOldGen       total 86016K, used 2061K [0x0000000082200000, 0x0000000087600000, 0x00000000d6100000)
  object space 86016K, 2% used [0x0000000082200000,0x0000000082403630,0x0000000087600000)
 Metaspace       used 15922K, capacity 16462K, committed 16768K, reserved 1064960K
  class space    used 1918K, capacity 2058K, committed 2176K, reserved 1048576K
}
Event: 1.361 GC heap before
{Heap before GC invocations=4 (full 0):
 PSYoungGen      total 37888K, used 37856K [0x00000000d6100000, 0x00000000dab00000, 0x0000000100000000)
  eden space 32768K, 100% used [0x00000000d6100000,0x00000000d8100000,0x00000000d8100000)
  from space 5120K, 99% used [0x00000000d8100000,0x00000000d85f83d8,0x00000000d8600000)
  to   space 5120K, 0% used [0x00000000da600000,0x00000000da600000,0x00000000dab00000)
 ParOldGen       total 86016K, used 2061K [0x0000000082200000, 0x0000000087600000, 0x00000000d6100000)
  object space 86016K, 2% used [0x0000000082200000,0x0000000082403630,0x0000000087600000)
 Metaspace       used 19059K, capacity 19754K, committed 19968K, reserved 1067008K
  class space    used 2351K, capacity 2522K, committed 2560K, reserved 1048576K
Event: 1.366 GC heap after
Heap after GC invocations=4 (full 0):
 PSYoungGen      total 70656K, used 5119K [0x00000000d6100000, 0x00000000dab00000, 0x0000000100000000)
  eden space 65536K, 0% used [0x00000000d6100000,0x00000000d6100000,0x00000000da100000)
  from space 5120K, 99% used [0x00000000da600000,0x00000000daaffd48,0x00000000dab00000)
  to   space 5120K, 0% used [0x00000000da100000,0x00000000da100000,0x00000000da600000)
 ParOldGen       total 86016K, used 4255K [0x0000000082200000, 0x0000000087600000, 0x00000000d6100000)
  object space 86016K, 4% used [0x0000000082200000,0x0000000082627c08,0x0000000087600000)
 Metaspace       used 19059K, capacity 19754K, committed 19968K, reserved 1067008K
  class space    used 2351K, capacity 2522K, committed 2560K, reserved 1048576K
}
Event: 1.709 GC heap before
{Heap before GC invocations=5 (full 0):
 PSYoungGen      total 70656K, used 34422K [0x00000000d6100000, 0x00000000dab00000, 0x0000000100000000)
  eden space 65536K, 44% used [0x00000000d6100000,0x00000000d7d9dbf0,0x00000000da100000)
  from space 5120K, 99% used [0x00000000da600000,0x00000000daaffd48,0x00000000dab00000)
  to   space 5120K, 0% used [0x00000000da100000,0x00000000da100000,0x00000000da600000)
 ParOldGen       total 86016K, used 4255K [0x0000000082200000, 0x0000000087600000, 0x00000000d6100000)
  object space 86016K, 4% used [0x0000000082200000,0x0000000082627c08,0x0000000087600000)
 Metaspace       used 20231K, capacity 21096K, committed 21248K, reserved 1067008K
  class space    used 2496K, capacity 2702K, committed 2816K, reserved 1048576K
Event: 1.714 GC heap after
Heap after GC invocations=5 (full 0):
 PSYoungGen      total 70656K, used 5096K [0x00000000d6100000, 0x00000000dab00000, 0x0000000100000000)
  eden space 65536K, 0% used [0x00000000d6100000,0x00000000d6100000,0x00000000da100000)
  from space 5120K, 99% used [0x00000000da100000,0x00000000da5fa040,0x00000000da600000)
  to   space 5120K, 0% used [0x00000000da600000,0x00000000da600000,0x00000000dab00000)
 ParOldGen       total 86016K, used 5562K [0x0000000082200000, 0x0000000087600000, 0x00000000d6100000)
  object space 86016K, 6% used [0x0000000082200000,0x000000008276eb78,0x0000000087600000)
 Metaspace       used 20231K, capacity 21096K, committed 21248K, reserved 1067008K
  class space    used 2496K, capacity 2702K, committed 2816K, reserved 1048576K
}
Event: 1.714 GC heap before
{Heap before GC invocations=6 (full 1):
 PSYoungGen      total 70656K, used 5096K [0x00000000d6100000, 0x00000000dab00000, 0x0000000100000000)
  eden space 65536K, 0% used [0x00000000d6100000,0x00000000d6100000,0x00000000da100000)
  from space 5120K, 99% used [0x00000000da100000,0x00000000da5fa040,0x00000000da600000)
  to   space 5120K, 0% used [0x00000000da600000,0x00000000da600000,0x00000000dab00000)
 ParOldGen       total 86016K, used 5562K [0x0000000082200000, 0x0000000087600000, 0x00000000d6100000)
  object space 86016K, 6% used [0x0000000082200000,0x000000008276eb78,0x0000000087600000)
 Metaspace       used 20231K, capacity 21096K, committed 21248K, reserved 1067008K
  class space    used 2496K, capacity 2702K, committed 2816K, reserved 1048576K
Event: 1.734 GC heap after
Heap after GC invocations=6 (full 1):
 PSYoungGen      total 70656K, used 0K [0x00000000d6100000, 0x00000000dab00000, 0x0000000100000000)
  eden space 65536K, 0% used [0x00000000d6100000,0x00000000d6100000,0x00000000da100000)
  from space 5120K, 0% used [0x00000000da100000,0x00000000da100000,0x00000000da600000)
  to   space 5120K, 0% used [0x00000000da600000,0x00000000da600000,0x00000000dab00000)
 ParOldGen       total 54784K, used 6246K [0x0000000082200000, 0x0000000085780000, 0x00000000d6100000)
  object space 54784K, 11% used [0x0000000082200000,0x0000000082819b88,0x0000000085780000)
 Metaspace       used 20231K, capacity 21096K, committed 21248K, reserved 1067008K
  class space    used 2496K, capacity 2702K, committed 2816K, reserved 1048576K
}

Deoptimization events (10 events):
Event: 1.638 Thread 0x000002802a076800 Uncommon trap: reason=class_check action=maybe_recompile pc=0x0000028012d4a6d4 method=java.lang.String.equals(Ljava/lang/Object;)Z @ 8
Event: 1.639 Thread 0x000002802a076800 Uncommon trap: reason=class_check action=maybe_recompile pc=0x0000028012d4a6d4 method=java.lang.String.equals(Ljava/lang/Object;)Z @ 8
Event: 1.885 Thread 0x000002802a076800 Uncommon trap: reason=unstable_if action=reinterpret pc=0x0000028013020290 method=sun.instrument.TransformerManager.transform(Ljava/lang/ClassLoader;Ljava/lang/String;Ljava/lang/Class;Ljava/security/ProtectionDomain;[B)[B @ 64
Event: 1.927 Thread 0x000002802a076800 Uncommon trap: reason=unstable_if action=reinterpret pc=0x0000028013243b64 method=org.springframework.beans.factory.support.AbstractBeanFactory.getMergedLocalBeanDefinition(Ljava/lang/String;)Lorg/springframework/beans/factory/support/RootBeanDefinition; 
Event: 1.930 Thread 0x000002802a076800 Uncommon trap: reason=unstable_if action=reinterpret pc=0x0000028013270640 method=org.springframework.beans.factory.support.DefaultSingletonBeanRegistry.getSingleton(Ljava/lang/String;Z)Ljava/lang/Object; @ 20
Event: 1.936 Thread 0x000002802a076800 Uncommon trap: reason=unstable_if action=reinterpret pc=0x0000028013285b1c method=org.springframework.beans.factory.support.AbstractAutowireCapableBeanFactory.predictBeanType(Ljava/lang/String;Lorg/springframework/beans/factory/support/RootBeanDefinition;
Event: 2.041 Thread 0x000002802a076800 Uncommon trap: reason=unstable_if action=reinterpret pc=0x000002801326e3cc method=java.util.Arrays.equals([Ljava/lang/Object;[Ljava/lang/Object;)Z @ 65
Event: 2.076 Thread 0x000002802a076800 Uncommon trap: reason=null_check action=make_not_entrant pc=0x000002801332a514 method=org.springframework.util.ClassUtils.isAssignable(Ljava/lang/Class;Ljava/lang/Class;)Z @ 14
Event: 2.160 Thread 0x000002802a076800 Uncommon trap: reason=unstable_if action=reinterpret pc=0x000002801309eb28 method=java.util.Properties$LineReader.readLine()I @ 180
Event: 2.169 Thread 0x000002802a076800 Uncommon trap: reason=unstable_if action=reinterpret pc=0x00000280132d5884 method=java.lang.reflect.Method.equals(Ljava/lang/Object;)Z @ 49

Classes redefined (0 events):
No events

Internal exceptions (10 events):
Event: 1.970 Thread 0x000002802a076800 Exception <a 'java/lang/ClassNotFoundException': org/springframework/beans/factory/config/BeanPostProcessorCustomizer> (0x00000000d7d63d20) thrown at [C:\jenkins\workspace\8-2-build-windows-amd64-cygwin\jdk8u271\605\hotspot\src\share\vm\classfile\systemDi
Event: 1.970 Thread 0x000002802a076800 Exception <a 'java/lang/ClassNotFoundException': org/springframework/beans/factory/BeanFactoryAwareCustomizer> (0x00000000d7d78bc0) thrown at [C:\jenkins\workspace\8-2-build-windows-amd64-cygwin\jdk8u271\605\hotspot\src\share\vm\classfile\systemDictionary
Event: 1.971 Thread 0x000002802a076800 Exception <a 'java/lang/ClassNotFoundException': org/springframework/beans/factory/AwareCustomizer> (0x00000000d7d8b1d8) thrown at [C:\jenkins\workspace\8-2-build-windows-amd64-cygwin\jdk8u271\605\hotspot\src\share\vm\classfile\systemDictionary.cpp, line 
Event: 1.971 Thread 0x000002802a076800 Exception <a 'java/lang/ClassNotFoundException': org/springframework/core/OrderedCustomizer> (0x00000000d7d9a590) thrown at [C:\jenkins\workspace\8-2-build-windows-amd64-cygwin\jdk8u271\605\hotspot\src\share\vm\classfile\systemDictionary.cpp, line 212]
Event: 1.971 Thread 0x000002802a076800 Exception <a 'java/lang/ClassNotFoundException': org/springframework/beans/factory/BeanClassLoaderAwareCustomizer> (0x00000000d7daf438) thrown at [C:\jenkins\workspace\8-2-build-windows-amd64-cygwin\jdk8u271\605\hotspot\src\share\vm\classfile\systemDictio
Event: 1.972 Thread 0x000002802a076800 Exception <a 'java/lang/ClassNotFoundException': org/springframework/beans/factory/AwareCustomizer> (0x00000000d7dc14e0) thrown at [C:\jenkins\workspace\8-2-build-windows-amd64-cygwin\jdk8u271\605\hotspot\src\share\vm\classfile\systemDictionary.cpp, line 
Event: 1.972 Thread 0x000002802a076800 Exception <a 'java/lang/ClassNotFoundException': org/springframework/aop/framework/AopInfrastructureBeanCustomizer> (0x00000000d7dd5770) thrown at [C:\jenkins\workspace\8-2-build-windows-amd64-cygwin\jdk8u271\605\hotspot\src\share\vm\classfile\systemDicti
Event: 1.986 Thread 0x000002802a076800 Exception <a 'java/lang/NoSuchMethodError': java.lang.Object.lambda$thenComparing$36697e65$1(Ljava/util/Comparator;Ljava/lang/Object;Ljava/lang/Object;)I> (0x00000000d7f1a880) thrown at [C:\jenkins\workspace\8-2-build-windows-amd64-cygwin\jdk8u271\605\hot
Event: 2.113 Thread 0x000002802a076800 Exception <a 'java/lang/IncompatibleClassChangeError': Found class java.lang.Object, but interface was expected> (0x00000000d88e36c0) thrown at [C:\jenkins\workspace\8-2-build-windows-amd64-cygwin\jdk8u271\605\hotspot\src\share\vm\interpreter\linkResolver
Event: 2.121 Thread 0x000002802a076800 Exception <a 'java/lang/NoSuchMethodError': java.lang.Object.lambda$and$0(Ljava/util/function/Predicate;Ljava/lang/Object;)Z> (0x00000000d898cb88) thrown at [C:\jenkins\workspace\8-2-build-windows-amd64-cygwin\jdk8u271\605\hotspot\src\share\vm\interpreter

Events (10 events):
Event: 2.194 loading class io/undertow/Undertow$ListenerType
Event: 2.194 loading class io/undertow/Undertow$ListenerType done
Event: 2.194 loading class org/xnio/OptionMap$Builder$OVPair
Event: 2.194 loading class org/xnio/OptionMap$Builder$OVPair done
Event: 2.196 loading class io/undertow/servlet/Servlets
Event: 2.196 loading class io/undertow/servlet/Servlets done
Event: 2.197 loading class io/undertow/servlet/api/ServletContainer
Event: 2.197 loading class io/undertow/servlet/api/ServletContainer done
Event: 2.198 loading class io/undertow/servlet/api/ClassIntrospecter
Event: 2.198 loading class io/undertow/servlet/api/ClassIntrospecter done


Dynamic libraries:
0x00007ff63e7b0000 - 0x00007ff63e7f7000 	D:\Program Files (x86)\Java\bin\java.exe
0x00007ffc36140000 - 0x00007ffc36330000 	C:\WINDOWS\SYSTEM32\ntdll.dll
0x00007ffc355d0000 - 0x00007ffc35682000 	C:\WINDOWS\System32\KERNEL32.DLL
0x00007ffc333a0000 - 0x00007ffc33645000 	C:\WINDOWS\System32\KERNELBASE.dll
0x00007ffc349c0000 - 0x00007ffc34a63000 	C:\WINDOWS\System32\ADVAPI32.dll
0x00007ffc35fe0000 - 0x00007ffc3607e000 	C:\WINDOWS\System32\msvcrt.dll
0x00007ffc34e10000 - 0x00007ffc34ea7000 	C:\WINDOWS\System32\sechost.dll
0x00007ffc34f90000 - 0x00007ffc350af000 	C:\WINDOWS\System32\RPCRT4.dll
0x00007ffc35420000 - 0x00007ffc355b4000 	C:\WINDOWS\System32\USER32.dll
0x00007ffc33370000 - 0x00007ffc33391000 	C:\WINDOWS\System32\win32u.dll
0x00007ffc341f0000 - 0x00007ffc34216000 	C:\WINDOWS\System32\GDI32.dll
0x00007ffc33650000 - 0x00007ffc337e8000 	C:\WINDOWS\System32\gdi32full.dll
0x00007ffc337f0000 - 0x00007ffc3388e000 	C:\WINDOWS\System32\msvcp_win.dll
0x00007ffc330b0000 - 0x00007ffc331aa000 	C:\WINDOWS\System32\ucrtbase.dll
0x00007ffc234b0000 - 0x00007ffc23734000 	C:\WINDOWS\WinSxS\amd64_microsoft.windows.common-controls_6595b64144ccf1df_6.0.18362.1440_none_9e7dbfb9e45e8e67\COMCTL32.dll
0x00007ffc34ad0000 - 0x00007ffc34e06000 	C:\WINDOWS\System32\combase.dll
0x00007ffc34160000 - 0x00007ffc341e1000 	C:\WINDOWS\System32\bcryptPrimitives.dll
0x00007ffc35760000 - 0x00007ffc3578e000 	C:\WINDOWS\System32\IMM32.DLL
0x00007ffc2edf0000 - 0x00007ffc2ee05000 	D:\Program Files (x86)\Java\jre\bin\vcruntime140.dll
0x00007ffc21990000 - 0x00007ffc21a2b000 	D:\Program Files (x86)\Java\jre\bin\msvcp140.dll
0x000000005d9e0000 - 0x000000005e24f000 	D:\Program Files (x86)\Java\jre\bin\server\jvm.dll
0x00007ffc355c0000 - 0x00007ffc355c8000 	C:\WINDOWS\System32\PSAPI.DLL
0x00007ffc2a5a0000 - 0x00007ffc2a5aa000 	C:\WINDOWS\SYSTEM32\VERSION.dll
0x00007ffc30580000 - 0x00007ffc305a4000 	C:\WINDOWS\SYSTEM32\WINMM.dll
0x00007ffc1e230000 - 0x00007ffc1e239000 	C:\WINDOWS\SYSTEM32\WSOCK32.dll
0x00007ffc35e20000 - 0x00007ffc35e8f000 	C:\WINDOWS\System32\WS2_32.dll
0x00007ffc303f0000 - 0x00007ffc3041d000 	C:\WINDOWS\SYSTEM32\WINMMBASE.dll
0x00007ffc338c0000 - 0x00007ffc3390a000 	C:\WINDOWS\System32\cfgmgr32.dll
0x00007ffc33020000 - 0x00007ffc33031000 	C:\WINDOWS\System32\kernel.appcore.dll
0x00007ffc2ede0000 - 0x00007ffc2edf0000 	D:\Program Files (x86)\Java\jre\bin\verify.dll
0x00007ffc2dde0000 - 0x00007ffc2de0b000 	D:\Program Files (x86)\Java\jre\bin\java.dll
0x00007ffc20aa0000 - 0x00007ffc20ad6000 	D:\Program Files (x86)\Java\jre\bin\jdwp.dll
0x00007ffc2ddd0000 - 0x00007ffc2ddd9000 	D:\Program Files (x86)\Java\jre\bin\npt.dll
0x00007ffc21c60000 - 0x00007ffc21c90000 	D:\Program Files (x86)\Java\jre\bin\instrument.dll
0x00007ffc22de0000 - 0x00007ffc22df8000 	D:\Program Files (x86)\Java\jre\bin\zip.dll
0x00007ffc34220000 - 0x00007ffc34908000 	C:\WINDOWS\System32\SHELL32.dll
0x00007ffc35290000 - 0x00007ffc35337000 	C:\WINDOWS\System32\shcore.dll
0x00007ffc339e0000 - 0x00007ffc3415b000 	C:\WINDOWS\System32\windows.storage.dll
0x00007ffc33090000 - 0x00007ffc330ae000 	C:\WINDOWS\System32\profapi.dll
0x00007ffc33040000 - 0x00007ffc3308a000 	C:\WINDOWS\System32\powrprof.dll
0x00007ffc32ff0000 - 0x00007ffc33000000 	C:\WINDOWS\System32\UMPDC.dll
0x00007ffc34f10000 - 0x00007ffc34f62000 	C:\WINDOWS\System32\shlwapi.dll
0x00007ffc33910000 - 0x00007ffc33927000 	C:\WINDOWS\System32\cryptsp.dll
0x00007ffc21ce0000 - 0x00007ffc21cea000 	D:\Program Files (x86)\Java\jre\bin\dt_socket.dll
0x00007ffc32830000 - 0x00007ffc32897000 	C:\WINDOWS\system32\mswsock.dll
0x00007ffc2edd0000 - 0x00007ffc2eddd000 	D:\Program Files (x86)\java\jre\bin\management.dll
0x00007ffc22dc0000 - 0x00007ffc22ddc000 	D:\Program Files (x86)\java\jre\bin\net.dll
0x00007ffc18970000 - 0x00007ffc18986000 	C:\WINDOWS\system32\napinsp.dll
0x00007ffc18950000 - 0x00007ffc1896a000 	C:\WINDOWS\system32\pnrpnsp.dll
0x00007ffc2ebd0000 - 0x00007ffc2ebec000 	C:\WINDOWS\system32\NLAapi.dll
0x00007ffc32540000 - 0x00007ffc3257a000 	C:\WINDOWS\SYSTEM32\IPHLPAPI.DLL
0x00007ffc18900000 - 0x00007ffc18915000 	C:\WINDOWS\system32\wshbth.dll
0x00007ffc32580000 - 0x00007ffc3264b000 	C:\WINDOWS\SYSTEM32\DNSAPI.dll
0x00007ffc35fd0000 - 0x00007ffc35fd8000 	C:\WINDOWS\System32\NSI.dll
0x00007ffc188e0000 - 0x00007ffc188ee000 	C:\WINDOWS\System32\winrnr.dll
0x00007ffc209e0000 - 0x00007ffc209ea000 	C:\Windows\System32\rasadhlp.dll
0x00007ffc2a3c0000 - 0x00007ffc2a437000 	C:\WINDOWS\System32\fwpuclnt.dll
0x00007ffc33890000 - 0x00007ffc338b6000 	C:\WINDOWS\System32\bcrypt.dll
0x00007ffc21f40000 - 0x00007ffc21f53000 	D:\Program Files (x86)\java\jre\bin\nio.dll
0x00007ffc31900000 - 0x00007ffc31af4000 	C:\WINDOWS\SYSTEM32\dbghelp.dll
0x00007ffc323b0000 - 0x00007ffc323e3000 	C:\WINDOWS\system32\rsaenh.dll
0x00007ffc32ed0000 - 0x00007ffc32ef5000 	C:\WINDOWS\SYSTEM32\USERENV.dll

VM Arguments:
jvm_args: -agentlib:jdwp=transport=dt_socket,address=127.0.0.1:1472,suspend=y,server=n -Dspring.output.ansi.enabled=always -javaagent:C:\Users\Áõ½ð¸ý\AppData\Local\JetBrains\IntelliJIdea2020.1\captureAgent\debugger-agent.jar -Dfile.encoding=UTF-8 
java_command: org.example.BootApplication
java_class_path (initial): D:\Program Files (x86)\java\jre\lib\charsets.jar;D:\Program Files (x86)\java\jre\lib\deploy.jar;D:\Program Files (x86)\java\jre\lib\ext\access-bridge-64.jar;D:\Program Files (x86)\java\jre\lib\ext\cldrdata.jar;D:\Program Files (x86)\java\jre\lib\ext\dnsns.jar;D:\Program Files (x86)\java\jre\lib\ext\jaccess.jar;D:\Program Files (x86)\java\jre\lib\ext\jfxrt.jar;D:\Program Files (x86)\java\jre\lib\ext\localedata.jar;D:\Program Files (x86)\java\jre\lib\ext\nashorn.jar;D:\Program Files (x86)\java\jre\lib\ext\sunec.jar;D:\Program Files (x86)\java\jre\lib\ext\sunjce_provider.jar;D:\Program Files (x86)\java\jre\lib\ext\sunmscapi.jar;D:\Program Files (x86)\java\jre\lib\ext\sunpkcs11.jar;D:\Program Files (x86)\java\jre\lib\ext\zipfs.jar;D:\Program Files (x86)\java\jre\lib\javaws.jar;D:\Program Files (x86)\java\jre\lib\jce.jar;D:\Program Files (x86)\java\jre\lib\jfr.jar;D:\Program Files (x86)\java\jre\lib\jfxswt.jar;D:\Program Files (x86)\java\jre\lib\jsse.jar;D:\Program Files (x86)\java\jre\lib\management-agent.jar;D:\Program Files (x86)\java\jre\lib\plugin.jar;D:\Program Files (x86)\java\jre\lib\resources.jar;D:\Program Files (x86)\java\jre\lib\rt.jar;D:\JavaPrectice\SpringBoot_Study\target\classes;D:\Program Files (x86)\Environment\Repository\Maven\org\springframework\boot\spring-boot-starter-web\2.3.5.RELEASE\spring-boot-starter-web-2.3.5.RELEASE.jar;D:\Program Files (x86)\Environment\Repository\Maven\org\springframework\boot\spring-boot-starter\2.3.5.RELEASE\spring-boot-starter-2.3.5.RELEASE.jar;D:\Program Files (x86)\Environment\Repository\Maven\org\springframework\boot\spring-boot-starter-logging\2.3.5.RELEASE\spring-boot-starter-logging-2.3.5.RELEASE.jar;D:\Program Files (x86)\Environment\Repository\Maven\ch\qos\logback\logback-classic\1.2.3\logback-classic-1.2.3.jar;D:\Program Files (x86)\Environment\Repository\Maven\ch\qos\logback\logback-core\1.2.3\logback-core-1.2.3.jar;D:\Program Files (x86)\Environment\Repository\Maven\org\apache\logg
Launcher Type: SUN_STANDARD

Environment Variables:
JAVA_HOME=D:\Program Files (x86)\java
PATH=C:\WINDOWS\system32;C:\WINDOWS;C:\WINDOWS\System32\Wbem;C:\WINDOWS\System32\WindowsPowerShell\v1.0\;C:\WINDOWS\System32\OpenSSH\;E:\Program Files (x86)\Microsoft SQL Server\110\DTS\Binn\;E:\Program Files (x86)\Microsoft SQL Server\110\Tools\Binn\;E:\Program Files (x86)\Microsoft SQL Server\110\Tools\Binn\ManagementStudio\;C:\Program Files (x86)\Microsoft Visual Studio 10.0\Common7\IDE\PrivateAssemblies\;D:\Program Files (x86)\java\bin;D:\Program Files (x86)\java\jre\bin;E:\Program Files\Microsoft SQL Server\110\Tools\Binn\;C:\Program Files\MySQL\MySQL Server 5.7\bin;D:\Program Files (x86)\Environment\Git\cmd;D:\Program Files (x86)\Xshell\;C:\Program Files (x86)\Windows Kits\8.1\Windows Performance Toolkit\;C:\Program Files\MySQL\MySQL Shell 8.0\bin\
USERNAME=KING
OS=Windows_NT
PROCESSOR_IDENTIFIER=Intel64 Family 6 Model 158 Stepping 10, GenuineIntel



---------------  S Y S T E M  ---------------

OS: Windows 10.0 , 64 bit Build 18362 (10.0.18362.1350)

CPU:total 12 (initial active 12) (6 cores per cpu, 2 threads per core) family 6 model 158 stepping 10, cmov, cx8, fxsr, mmx, sse, sse2, sse3, ssse3, sse4.1, sse4.2, popcnt, avx, avx2, aes, clmul, erms, 3dnowpref, lzcnt, ht, tsc, tscinvbit, bmi1, bmi2, adx

Memory: 4k page, physical 8241976k(553972k free), swap 21788596k(8036k free)

vm_info: Java HotSpot(TM) 64-Bit Server VM (25.271-b09) for windows-amd64 JRE (1.8.0_271-b09), built on Sep 16 2020 19:14:59 by "" with MS VC++ 15.9 (VS2017)

time: Sun Jul  4 11:46:47 2021
timezone: ?D1¨²¡À¨º¡Á?¨º¡À??
elapsed time: 2.230806 seconds (0d 0h 0m 2s)

