#
# There is insufficient memory for the Java Runtime Environment to continue.
# Native memory allocation (malloc) failed to allocate 32744 bytes for ChunkPool::allocate
# Possible reasons:
#   The system is out of physical RAM or swap space
#   The process is running with CompressedOops enabled, and the Java Heap may be blocking the growth of the native heap
# Possible solutions:
#   Reduce memory load on the system
#   Increase physical memory or swap space
#   Check if swap backing store is full
#   Decrease Java heap size (-Xmx/-Xms)
#   Decrease number of Java threads
#   Decrease Java thread stack sizes (-Xss)
#   Set larger code cache with -XX:ReservedCodeCacheSize=
#   JVM is running with Unscaled Compressed Oops mode in which the Java heap is
#     placed in the first 4GB address space. The Java Heap base address is the
#     maximum limit for the native heap growth. Please use -XX:HeapBaseMinAddress
#     to set the Java Heap base and to place the Java Heap above 4GB virtual address.
# This output file may be truncated or incomplete.
#
#  Out of Memory Error (allocation.cpp:272), pid=21640, tid=0x0000000000001f0c
#
# JRE version: Java(TM) SE Runtime Environment (8.0_271-b09) (build 1.8.0_271-b09)
# Java VM: Java HotSpot(TM) 64-Bit Server VM (25.271-b09 mixed mode windows-amd64 compressed oops)
# Failed to write core dump. Minidumps are not enabled by default on client versions of Windows
#

---------------  T H R E A D  ---------------

Current thread (0x0000024adf66e000):  JavaThread "C2 CompilerThread2" daemon [_thread_in_native, id=7948, stack(0x0000007d42000000,0x0000007d42100000)]

Stack: [0x0000007d42000000,0x0000007d42100000]
Native frames: (J=compiled Java code, j=interpreted, Vv=VM code, C=native code)
V  [jvm.dll+0x33f6c9]


Current CompileTask:
C2:   2244 2413       4       org.springframework.beans.factory.support.AbstractBeanFactory::isTypeMatch (607 bytes)


---------------  P R O C E S S  ---------------

Java Threads: ( => current thread )
  0x0000024adfdb4000 JavaThread "restartedMain" [_thread_in_vm, id=11612, stack(0x0000007d42500000,0x0000007d42600000)]
  0x0000024adfdb0000 JavaThread "Thread-0" [_thread_blocked, id=11856, stack(0x0000007d42400000,0x0000007d42500000)]
  0x0000024adf725000 JavaThread "Service Thread" daemon [_thread_blocked, id=16680, stack(0x0000007d42200000,0x0000007d42300000)]
  0x0000024adf677000 JavaThread "C1 CompilerThread3" daemon [_thread_blocked, id=22312, stack(0x0000007d42100000,0x0000007d42200000)]
=>0x0000024adf66e000 JavaThread "C2 CompilerThread2" daemon [_thread_in_native, id=7948, stack(0x0000007d42000000,0x0000007d42100000)]
  0x0000024adf66d800 JavaThread "C2 CompilerThread1" daemon [_thread_in_native, id=5200, stack(0x0000007d41f00000,0x0000007d42000000)]
  0x0000024adf66c800 JavaThread "C2 CompilerThread0" daemon [_thread_in_native, id=17352, stack(0x0000007d41e00000,0x0000007d41f00000)]
  0x0000024adf3b7000 JavaThread "JDWP Command Reader" daemon [_thread_in_native, id=21540, stack(0x0000007d41d00000,0x0000007d41e00000)]
  0x0000024adf3ae800 JavaThread "JDWP Event Helper Thread" daemon [_thread_blocked, id=13368, stack(0x0000007d41c00000,0x0000007d41d00000)]
  0x0000024adf3ab800 JavaThread "JDWP Transport Listener: dt_socket" daemon [_thread_blocked, id=5068, stack(0x0000007d41b00000,0x0000007d41c00000)]
  0x0000024adcf8e000 JavaThread "Attach Listener" daemon [_thread_blocked, id=19152, stack(0x0000007d41a00000,0x0000007d41b00000)]
  0x0000024adf3a3800 JavaThread "Signal Dispatcher" daemon [_thread_blocked, id=14904, stack(0x0000007d41900000,0x0000007d41a00000)]
  0x0000024adcf5a000 JavaThread "Finalizer" daemon [_thread_blocked, id=21748, stack(0x0000007d41800000,0x0000007d41900000)]
  0x0000024adcf52000 JavaThread "Reference Handler" daemon [_thread_blocked, id=19476, stack(0x0000007d41700000,0x0000007d41800000)]
  0x0000024ac6dea800 JavaThread "main" [_thread_blocked, id=6900, stack(0x0000007d40b00000,0x0000007d40c00000)]

Other Threads:
  0x0000024adcf27800 VMThread [stack: 0x0000007d41600000,0x0000007d41700000] [id=8628]
  0x0000024adf79a800 WatcherThread [stack: 0x0000007d42300000,0x0000007d42400000] [id=18624]

VM state:not at safepoint (normal execution)

VM Mutex/Monitor currently owned by a thread: None

heap address: 0x0000000082200000, size: 2014 MB, Compressed Oops mode: 32-bit
Narrow klass base: 0x0000000000000000, Narrow klass shift: 3
Compressed class space size: 1073741824 Address: 0x0000000100000000

Heap:
 PSYoungGen      total 70656K, used 45915K [0x00000000d6100000, 0x00000000dab00000, 0x0000000100000000)
  eden space 65536K, 70% used [0x00000000d6100000,0x00000000d8dd6e00,0x00000000da100000)
  from space 5120K, 0% used [0x00000000da100000,0x00000000da100000,0x00000000da600000)
  to   space 5120K, 0% used [0x00000000da600000,0x00000000da600000,0x00000000dab00000)
 ParOldGen       total 55808K, used 6216K [0x0000000082200000, 0x0000000085880000, 0x00000000d6100000)
  object space 55808K, 11% used [0x0000000082200000,0x0000000082812258,0x0000000085880000)
 Metaspace       used 23870K, capacity 25366K, committed 25600K, reserved 1071104K
  class space    used 3035K, capacity 3308K, committed 3328K, reserved 1048576K

Card table byte_map: [0x0000024ad7b40000,0x0000024ad7f30000] byte_map_base: 0x0000024ad772f000

Marking Bits: (ParMarkBitMap*) 0x000000005e1d7fe0
 Begin Bits: [0x0000024ad81d0000, 0x0000024ada148000)
 End Bits:   [0x0000024ada148000, 0x0000024adc0c0000)

Polling page: 0x0000024ac6d90000

CodeCache: size=245760Kb used=8484Kb max_used=8484Kb free=237275Kb
 bounds [0x0000024ac8780000, 0x0000024ac8fd0000, 0x0000024ad7780000]
 total_blobs=2816 nmethods=2445 adapters=291
 compilation: enabled

Compilation events (10 events):
Event: 2.211 Thread 0x0000024adf677000 2449       3       sun.misc.ProxyGenerator$ProxyMethod::<init> (64 bytes)
Event: 2.213 Thread 0x0000024adf677000 nmethod 2449 0x0000024ac8fc9790 code [0x0000024ac8fc9960, 0x0000024ac8fca230]
Event: 2.213 Thread 0x0000024adf677000 2448       3       java.lang.reflect.Field::getAnnotation (23 bytes)
Event: 2.213 Thread 0x0000024adf677000 nmethod 2448 0x0000024ac8fca710 code [0x0000024ac8fca900, 0x0000024ac8fcb0d0]
Event: 2.214 Thread 0x0000024adf677000 2450       3       org.springframework.core.ResolvableType::<init> (41 bytes)
Event: 2.215 Thread 0x0000024adf677000 nmethod 2450 0x0000024ac8fcb410 code [0x0000024ac8fcb5a0, 0x0000024ac8fcbab0]
Event: 2.215 Thread 0x0000024adf677000 2451       3       java.lang.reflect.Field::getDeclaredAnnotations (8 bytes)
Event: 2.215 Thread 0x0000024adf677000 nmethod 2451 0x0000024ac8fcbdd0 code [0x0000024ac8fcbf60, 0x0000024ac8fcc3f0]
Event: 2.215 Thread 0x0000024adf677000 2452       3       java.lang.Class$MethodArray::getFirst (36 bytes)
Event: 2.216 Thread 0x0000024adf677000 nmethod 2452 0x0000024ac8fcc590 code [0x0000024ac8fcc700, 0x0000024ac8fcc978]

GC Heap History (10 events):
Event: 0.956 GC heap before
{Heap before GC invocations=2 (full 0):
 PSYoungGen      total 37888K, used 37562K [0x00000000d6100000, 0x00000000d8b00000, 0x0000000100000000)
  eden space 32768K, 99% used [0x00000000d6100000,0x00000000d80fcd98,0x00000000d8100000)
  from space 5120K, 93% used [0x00000000d8100000,0x00000000d85b1a88,0x00000000d8600000)
  to   space 5120K, 0% used [0x00000000d8600000,0x00000000d8600000,0x00000000d8b00000)
 ParOldGen       total 86016K, used 16K [0x0000000082200000, 0x0000000087600000, 0x00000000d6100000)
  object space 86016K, 0% used [0x0000000082200000,0x0000000082204000,0x0000000087600000)
 Metaspace       used 11926K, capacity 12454K, committed 12672K, reserved 1060864K
  class space    used 1455K, capacity 1582K, committed 1664K, reserved 1048576K
Event: 0.960 GC heap after
Heap after GC invocations=2 (full 0):
 PSYoungGen      total 37888K, used 5098K [0x00000000d6100000, 0x00000000d8b00000, 0x0000000100000000)
  eden space 32768K, 0% used [0x00000000d6100000,0x00000000d6100000,0x00000000d8100000)
  from space 5120K, 99% used [0x00000000d8600000,0x00000000d8afaa20,0x00000000d8b00000)
  to   space 5120K, 0% used [0x00000000d8100000,0x00000000d8100000,0x00000000d8600000)
 ParOldGen       total 86016K, used 24K [0x0000000082200000, 0x0000000087600000, 0x00000000d6100000)
  object space 86016K, 0% used [0x0000000082200000,0x0000000082206000,0x0000000087600000)
 Metaspace       used 11926K, capacity 12454K, committed 12672K, reserved 1060864K
  class space    used 1455K, capacity 1582K, committed 1664K, reserved 1048576K
}
Event: 1.107 GC heap before
{Heap before GC invocations=3 (full 0):
 PSYoungGen      total 37888K, used 37866K [0x00000000d6100000, 0x00000000d8b00000, 0x0000000100000000)
  eden space 32768K, 100% used [0x00000000d6100000,0x00000000d8100000,0x00000000d8100000)
  from space 5120K, 99% used [0x00000000d8600000,0x00000000d8afaa20,0x00000000d8b00000)
  to   space 5120K, 0% used [0x00000000d8100000,0x00000000d8100000,0x00000000d8600000)
 ParOldGen       total 86016K, used 24K [0x0000000082200000, 0x0000000087600000, 0x00000000d6100000)
  object space 86016K, 0% used [0x0000000082200000,0x0000000082206000,0x0000000087600000)
 Metaspace       used 16025K, capacity 16670K, committed 17024K, reserved 1064960K
  class space    used 1929K, capacity 2090K, committed 2176K, reserved 1048576K
Event: 1.113 GC heap after
Heap after GC invocations=3 (full 0):
 PSYoungGen      total 37888K, used 5116K [0x00000000d6100000, 0x00000000dab00000, 0x0000000100000000)
  eden space 32768K, 0% used [0x00000000d6100000,0x00000000d6100000,0x00000000d8100000)
  from space 5120K, 99% used [0x00000000d8100000,0x00000000d85ff2d0,0x00000000d8600000)
  to   space 5120K, 0% used [0x00000000da600000,0x00000000da600000,0x00000000dab00000)
 ParOldGen       total 86016K, used 2142K [0x0000000082200000, 0x0000000087600000, 0x00000000d6100000)
  object space 86016K, 2% used [0x0000000082200000,0x0000000082417a80,0x0000000087600000)
 Metaspace       used 16025K, capacity 16670K, committed 17024K, reserved 1064960K
  class space    used 1929K, capacity 2090K, committed 2176K, reserved 1048576K
}
Event: 1.343 GC heap before
{Heap before GC invocations=4 (full 0):
 PSYoungGen      total 37888K, used 37884K [0x00000000d6100000, 0x00000000dab00000, 0x0000000100000000)
  eden space 32768K, 100% used [0x00000000d6100000,0x00000000d8100000,0x00000000d8100000)
  from space 5120K, 99% used [0x00000000d8100000,0x00000000d85ff2d0,0x00000000d8600000)
  to   space 5120K, 0% used [0x00000000da600000,0x00000000da600000,0x00000000dab00000)
 ParOldGen       total 86016K, used 2142K [0x0000000082200000, 0x0000000087600000, 0x00000000d6100000)
  object space 86016K, 2% used [0x0000000082200000,0x0000000082417a80,0x0000000087600000)
 Metaspace       used 19074K, capacity 19738K, committed 19968K, reserved 1067008K
  class space    used 2356K, capacity 2522K, committed 2560K, reserved 1048576K
Event: 1.348 GC heap after
Heap after GC invocations=4 (full 0):
 PSYoungGen      total 70656K, used 5111K [0x00000000d6100000, 0x00000000dab00000, 0x0000000100000000)
  eden space 65536K, 0% used [0x00000000d6100000,0x00000000d6100000,0x00000000da100000)
  from space 5120K, 99% used [0x00000000da600000,0x00000000daafdf88,0x00000000dab00000)
  to   space 5120K, 0% used [0x00000000da100000,0x00000000da100000,0x00000000da600000)
 ParOldGen       total 86016K, used 4323K [0x0000000082200000, 0x0000000087600000, 0x00000000d6100000)
  object space 86016K, 5% used [0x0000000082200000,0x0000000082638f38,0x0000000087600000)
 Metaspace       used 19074K, capacity 19738K, committed 19968K, reserved 1067008K
  class space    used 2356K, capacity 2522K, committed 2560K, reserved 1048576K
}
Event: 1.616 GC heap before
{Heap before GC invocations=5 (full 0):
 PSYoungGen      total 70656K, used 33073K [0x00000000d6100000, 0x00000000dab00000, 0x0000000100000000)
  eden space 65536K, 42% used [0x00000000d6100000,0x00000000d7c4e720,0x00000000da100000)
  from space 5120K, 99% used [0x00000000da600000,0x00000000daafdf88,0x00000000dab00000)
  to   space 5120K, 0% used [0x00000000da100000,0x00000000da100000,0x00000000da600000)
 ParOldGen       total 86016K, used 4323K [0x0000000082200000, 0x0000000087600000, 0x00000000d6100000)
  object space 86016K, 5% used [0x0000000082200000,0x0000000082638f38,0x0000000087600000)
 Metaspace       used 20222K, capacity 21080K, committed 21248K, reserved 1067008K
  class space    used 2497K, capacity 2702K, committed 2816K, reserved 1048576K
Event: 1.621 GC heap after
Heap after GC invocations=5 (full 0):
 PSYoungGen      total 70656K, used 5112K [0x00000000d6100000, 0x00000000dab00000, 0x0000000100000000)
  eden space 65536K, 0% used [0x00000000d6100000,0x00000000d6100000,0x00000000da100000)
  from space 5120K, 99% used [0x00000000da100000,0x00000000da5fe030,0x00000000da600000)
  to   space 5120K, 0% used [0x00000000da600000,0x00000000da600000,0x00000000dab00000)
 ParOldGen       total 86016K, used 5600K [0x0000000082200000, 0x0000000087600000, 0x00000000d6100000)
  object space 86016K, 6% used [0x0000000082200000,0x0000000082778270,0x0000000087600000)
 Metaspace       used 20222K, capacity 21080K, committed 21248K, reserved 1067008K
  class space    used 2497K, capacity 2702K, committed 2816K, reserved 1048576K
}
Event: 1.621 GC heap before
{Heap before GC invocations=6 (full 1):
 PSYoungGen      total 70656K, used 5112K [0x00000000d6100000, 0x00000000dab00000, 0x0000000100000000)
  eden space 65536K, 0% used [0x00000000d6100000,0x00000000d6100000,0x00000000da100000)
  from space 5120K, 99% used [0x00000000da100000,0x00000000da5fe030,0x00000000da600000)
  to   space 5120K, 0% used [0x00000000da600000,0x00000000da600000,0x00000000dab00000)
 ParOldGen       total 86016K, used 5600K [0x0000000082200000, 0x0000000087600000, 0x00000000d6100000)
  object space 86016K, 6% used [0x0000000082200000,0x0000000082778270,0x0000000087600000)
 Metaspace       used 20222K, capacity 21080K, committed 21248K, reserved 1067008K
  class space    used 2497K, capacity 2702K, committed 2816K, reserved 1048576K
Event: 1.641 GC heap after
Heap after GC invocations=6 (full 1):
 PSYoungGen      total 70656K, used 0K [0x00000000d6100000, 0x00000000dab00000, 0x0000000100000000)
  eden space 65536K, 0% used [0x00000000d6100000,0x00000000d6100000,0x00000000da100000)
  from space 5120K, 0% used [0x00000000da100000,0x00000000da100000,0x00000000da600000)
  to   space 5120K, 0% used [0x00000000da600000,0x00000000da600000,0x00000000dab00000)
 ParOldGen       total 55808K, used 6216K [0x0000000082200000, 0x0000000085880000, 0x00000000d6100000)
  object space 55808K, 11% used [0x0000000082200000,0x0000000082812258,0x0000000085880000)
 Metaspace       used 20222K, capacity 21080K, committed 21248K, reserved 1067008K
  class space    used 2497K, capacity 2702K, committed 2816K, reserved 1048576K
}

Deoptimization events (10 events):
Event: 2.048 Thread 0x0000024adfdb4000 Uncommon trap: reason=class_check action=maybe_recompile pc=0x0000024ac8f31b6c method=org.springframework.beans.factory.support.AbstractAutowireCapableBeanFactory.predictBeanType(Ljava/lang/String;Lorg/springframework/beans/factory/support/RootBeanDefinit
Event: 2.048 Thread 0x0000024adfdb4000 Uncommon trap: reason=class_check action=maybe_recompile pc=0x0000024ac8f31b6c method=org.springframework.beans.factory.support.AbstractAutowireCapableBeanFactory.predictBeanType(Ljava/lang/String;Lorg/springframework/beans/factory/support/RootBeanDefinit
Event: 2.081 Thread 0x0000024adfdb4000 Uncommon trap: reason=null_check action=make_not_entrant pc=0x0000024ac8ecafd4 method=org.springframework.util.ClassUtils.isAssignable(Ljava/lang/Class;Ljava/lang/Class;)Z @ 14
Event: 2.082 Thread 0x0000024adfdb4000 Uncommon trap: reason=predicate action=maybe_recompile pc=0x0000024ac8f6d0a0 method=java.util.AbstractCollection.toArray([Ljava/lang/Object;)[Ljava/lang/Object; @ 49
Event: 2.096 Thread 0x0000024adfdb4000 Uncommon trap: reason=array_check action=maybe_recompile pc=0x0000024ac8f78d74 method=java.util.AbstractCollection.toArray([Ljava/lang/Object;)[Ljava/lang/Object; @ 119
Event: 2.098 Thread 0x0000024adfdb4000 Uncommon trap: reason=array_check action=maybe_recompile pc=0x0000024ac8f78d74 method=java.util.AbstractCollection.toArray([Ljava/lang/Object;)[Ljava/lang/Object; @ 119
Event: 2.098 Thread 0x0000024adfdb4000 Uncommon trap: reason=array_check action=maybe_recompile pc=0x0000024ac8f78d74 method=java.util.AbstractCollection.toArray([Ljava/lang/Object;)[Ljava/lang/Object; @ 119
Event: 2.099 Thread 0x0000024adfdb4000 Uncommon trap: reason=array_check action=maybe_recompile pc=0x0000024ac8f78d74 method=java.util.AbstractCollection.toArray([Ljava/lang/Object;)[Ljava/lang/Object; @ 119
Event: 2.173 Thread 0x0000024adfdb4000 Uncommon trap: reason=unstable_if action=reinterpret pc=0x0000024ac8ca7c6c method=java.util.Properties$LineReader.readLine()I @ 180
Event: 2.183 Thread 0x0000024adfdb4000 Uncommon trap: reason=unstable_if action=reinterpret pc=0x0000024ac8f26f04 method=java.lang.reflect.Method.equals(Ljava/lang/Object;)Z @ 49

Classes redefined (0 events):
No events

Internal exceptions (10 events):
Event: 1.963 Thread 0x0000024adfdb4000 Exception <a 'java/lang/ClassNotFoundException': org/springframework/beans/factory/config/BeanPostProcessorCustomizer> (0x00000000d7cc03b0) thrown at [C:\jenkins\workspace\8-2-build-windows-amd64-cygwin\jdk8u271\605\hotspot\src\share\vm\classfile\systemDi
Event: 1.963 Thread 0x0000024adfdb4000 Exception <a 'java/lang/ClassNotFoundException': org/springframework/beans/factory/BeanFactoryAwareCustomizer> (0x00000000d7cd5250) thrown at [C:\jenkins\workspace\8-2-build-windows-amd64-cygwin\jdk8u271\605\hotspot\src\share\vm\classfile\systemDictionary
Event: 1.965 Thread 0x0000024adfdb4000 Exception <a 'java/lang/ClassNotFoundException': org/springframework/beans/factory/AwareCustomizer> (0x00000000d7ce7868) thrown at [C:\jenkins\workspace\8-2-build-windows-amd64-cygwin\jdk8u271\605\hotspot\src\share\vm\classfile\systemDictionary.cpp, line 
Event: 1.966 Thread 0x0000024adfdb4000 Exception <a 'java/lang/ClassNotFoundException': org/springframework/core/OrderedCustomizer> (0x00000000d7cf6c20) thrown at [C:\jenkins\workspace\8-2-build-windows-amd64-cygwin\jdk8u271\605\hotspot\src\share\vm\classfile\systemDictionary.cpp, line 212]
Event: 1.967 Thread 0x0000024adfdb4000 Exception <a 'java/lang/ClassNotFoundException': org/springframework/beans/factory/BeanClassLoaderAwareCustomizer> (0x00000000d7d0bb48) thrown at [C:\jenkins\workspace\8-2-build-windows-amd64-cygwin\jdk8u271\605\hotspot\src\share\vm\classfile\systemDictio
Event: 1.967 Thread 0x0000024adfdb4000 Exception <a 'java/lang/ClassNotFoundException': org/springframework/beans/factory/AwareCustomizer> (0x00000000d7d1dbf0) thrown at [C:\jenkins\workspace\8-2-build-windows-amd64-cygwin\jdk8u271\605\hotspot\src\share\vm\classfile\systemDictionary.cpp, line 
Event: 1.968 Thread 0x0000024adfdb4000 Exception <a 'java/lang/ClassNotFoundException': org/springframework/aop/framework/AopInfrastructureBeanCustomizer> (0x00000000d7d31e80) thrown at [C:\jenkins\workspace\8-2-build-windows-amd64-cygwin\jdk8u271\605\hotspot\src\share\vm\classfile\systemDicti
Event: 1.979 Thread 0x0000024adfdb4000 Exception <a 'java/lang/NoSuchMethodError': java.lang.Object.lambda$thenComparing$36697e65$1(Ljava/util/Comparator;Ljava/lang/Object;Ljava/lang/Object;)I> (0x00000000d7e76ee0) thrown at [C:\jenkins\workspace\8-2-build-windows-amd64-cygwin\jdk8u271\605\hot
Event: 2.123 Thread 0x0000024adfdb4000 Exception <a 'java/lang/IncompatibleClassChangeError': Found class java.lang.Object, but interface was expected> (0x00000000d879e428) thrown at [C:\jenkins\workspace\8-2-build-windows-amd64-cygwin\jdk8u271\605\hotspot\src\share\vm\interpreter\linkResolver
Event: 2.132 Thread 0x0000024adfdb4000 Exception <a 'java/lang/NoSuchMethodError': java.lang.Object.lambda$and$0(Ljava/util/function/Predicate;Ljava/lang/Object;)Z> (0x00000000d8847890) thrown at [C:\jenkins\workspace\8-2-build-windows-amd64-cygwin\jdk8u271\605\hotspot\src\share\vm\interpreter

Events (10 events):
Event: 2.239 loading class sun/misc/FloatingDecimal$ExceptionalBinaryToASCIIBuffer done
Event: 2.239 loading class sun/misc/FloatingDecimal$BinaryToASCIIBuffer
Event: 2.239 loading class sun/misc/FloatingDecimal$BinaryToASCIIBuffer done
Event: 2.239 loading class sun/misc/FloatingDecimal$1
Event: 2.239 loading class sun/misc/FloatingDecimal$1 done
Event: 2.240 loading class sun/misc/FloatingDecimal$PreparedASCIIToBinaryBuffer
Event: 2.240 loading class sun/misc/FloatingDecimal$ASCIIToBinaryConverter
Event: 2.240 loading class sun/misc/FloatingDecimal$ASCIIToBinaryConverter done
Event: 2.240 loading class sun/misc/FloatingDecimal$PreparedASCIIToBinaryBuffer done
Event: 2.240 loading class sun/misc/FDBigInteger


Dynamic libraries:
0x00007ff63e7b0000 - 0x00007ff63e7f7000 	D:\Program Files (x86)\Java\bin\java.exe
0x00007ffc36140000 - 0x00007ffc36330000 	C:\WINDOWS\SYSTEM32\ntdll.dll
0x00007ffc355d0000 - 0x00007ffc35682000 	C:\WINDOWS\System32\KERNEL32.DLL
0x00007ffc333a0000 - 0x00007ffc33645000 	C:\WINDOWS\System32\KERNELBASE.dll
0x00007ffc349c0000 - 0x00007ffc34a63000 	C:\WINDOWS\System32\ADVAPI32.dll
0x00007ffc35fe0000 - 0x00007ffc3607e000 	C:\WINDOWS\System32\msvcrt.dll
0x00007ffc34e10000 - 0x00007ffc34ea7000 	C:\WINDOWS\System32\sechost.dll
0x00007ffc34f90000 - 0x00007ffc350af000 	C:\WINDOWS\System32\RPCRT4.dll
0x00007ffc35420000 - 0x00007ffc355b4000 	C:\WINDOWS\System32\USER32.dll
0x00007ffc33370000 - 0x00007ffc33391000 	C:\WINDOWS\System32\win32u.dll
0x00007ffc341f0000 - 0x00007ffc34216000 	C:\WINDOWS\System32\GDI32.dll
0x00007ffc33650000 - 0x00007ffc337e8000 	C:\WINDOWS\System32\gdi32full.dll
0x00007ffc337f0000 - 0x00007ffc3388e000 	C:\WINDOWS\System32\msvcp_win.dll
0x00007ffc330b0000 - 0x00007ffc331aa000 	C:\WINDOWS\System32\ucrtbase.dll
0x00007ffc234b0000 - 0x00007ffc23734000 	C:\WINDOWS\WinSxS\amd64_microsoft.windows.common-controls_6595b64144ccf1df_6.0.18362.1440_none_9e7dbfb9e45e8e67\COMCTL32.dll
0x00007ffc34ad0000 - 0x00007ffc34e06000 	C:\WINDOWS\System32\combase.dll
0x00007ffc34160000 - 0x00007ffc341e1000 	C:\WINDOWS\System32\bcryptPrimitives.dll
0x00007ffc35760000 - 0x00007ffc3578e000 	C:\WINDOWS\System32\IMM32.DLL
0x00007ffc2edf0000 - 0x00007ffc2ee05000 	D:\Program Files (x86)\Java\jre\bin\vcruntime140.dll
0x00007ffc21990000 - 0x00007ffc21a2b000 	D:\Program Files (x86)\Java\jre\bin\msvcp140.dll
0x000000005d9e0000 - 0x000000005e24f000 	D:\Program Files (x86)\Java\jre\bin\server\jvm.dll
0x00007ffc355c0000 - 0x00007ffc355c8000 	C:\WINDOWS\System32\PSAPI.DLL
0x00007ffc1e230000 - 0x00007ffc1e239000 	C:\WINDOWS\SYSTEM32\WSOCK32.dll
0x00007ffc30580000 - 0x00007ffc305a4000 	C:\WINDOWS\SYSTEM32\WINMM.dll
0x00007ffc2a5a0000 - 0x00007ffc2a5aa000 	C:\WINDOWS\SYSTEM32\VERSION.dll
0x00007ffc35e20000 - 0x00007ffc35e8f000 	C:\WINDOWS\System32\WS2_32.dll
0x00007ffc303f0000 - 0x00007ffc3041d000 	C:\WINDOWS\SYSTEM32\winmmbase.dll
0x00007ffc338c0000 - 0x00007ffc3390a000 	C:\WINDOWS\System32\cfgmgr32.dll
0x00007ffc33020000 - 0x00007ffc33031000 	C:\WINDOWS\System32\kernel.appcore.dll
0x00007ffc2ede0000 - 0x00007ffc2edf0000 	D:\Program Files (x86)\Java\jre\bin\verify.dll
0x00007ffc2dde0000 - 0x00007ffc2de0b000 	D:\Program Files (x86)\Java\jre\bin\java.dll
0x00007ffc20aa0000 - 0x00007ffc20ad6000 	D:\Program Files (x86)\Java\jre\bin\jdwp.dll
0x00007ffc2ddd0000 - 0x00007ffc2ddd9000 	D:\Program Files (x86)\Java\jre\bin\npt.dll
0x00007ffc21c60000 - 0x00007ffc21c90000 	D:\Program Files (x86)\Java\jre\bin\instrument.dll
0x00007ffc22de0000 - 0x00007ffc22df8000 	D:\Program Files (x86)\Java\jre\bin\zip.dll
0x00007ffc34220000 - 0x00007ffc34908000 	C:\WINDOWS\System32\SHELL32.dll
0x00007ffc35290000 - 0x00007ffc35337000 	C:\WINDOWS\System32\shcore.dll
0x00007ffc339e0000 - 0x00007ffc3415b000 	C:\WINDOWS\System32\windows.storage.dll
0x00007ffc33090000 - 0x00007ffc330ae000 	C:\WINDOWS\System32\profapi.dll
0x00007ffc33040000 - 0x00007ffc3308a000 	C:\WINDOWS\System32\powrprof.dll
0x00007ffc32ff0000 - 0x00007ffc33000000 	C:\WINDOWS\System32\UMPDC.dll
0x00007ffc34f10000 - 0x00007ffc34f62000 	C:\WINDOWS\System32\shlwapi.dll
0x00007ffc33910000 - 0x00007ffc33927000 	C:\WINDOWS\System32\cryptsp.dll
0x00007ffc21ce0000 - 0x00007ffc21cea000 	D:\Program Files (x86)\Java\jre\bin\dt_socket.dll
0x00007ffc32830000 - 0x00007ffc32897000 	C:\WINDOWS\system32\mswsock.dll
0x00007ffc2edd0000 - 0x00007ffc2eddd000 	D:\Program Files (x86)\java\jre\bin\management.dll
0x00007ffc22dc0000 - 0x00007ffc22ddc000 	D:\Program Files (x86)\java\jre\bin\net.dll
0x00007ffc18970000 - 0x00007ffc18986000 	C:\WINDOWS\system32\napinsp.dll
0x00007ffc18950000 - 0x00007ffc1896a000 	C:\WINDOWS\system32\pnrpnsp.dll
0x00007ffc2ebd0000 - 0x00007ffc2ebec000 	C:\WINDOWS\system32\NLAapi.dll
0x00007ffc32540000 - 0x00007ffc3257a000 	C:\WINDOWS\SYSTEM32\IPHLPAPI.DLL
0x00007ffc18900000 - 0x00007ffc18915000 	C:\WINDOWS\system32\wshbth.dll
0x00007ffc32580000 - 0x00007ffc3264b000 	C:\WINDOWS\SYSTEM32\DNSAPI.dll
0x00007ffc35fd0000 - 0x00007ffc35fd8000 	C:\WINDOWS\System32\NSI.dll
0x00007ffc188e0000 - 0x00007ffc188ee000 	C:\WINDOWS\System32\winrnr.dll
0x00007ffc209e0000 - 0x00007ffc209ea000 	C:\Windows\System32\rasadhlp.dll
0x00007ffc2a3c0000 - 0x00007ffc2a437000 	C:\WINDOWS\System32\fwpuclnt.dll
0x00007ffc33890000 - 0x00007ffc338b6000 	C:\WINDOWS\System32\bcrypt.dll
0x00007ffc21f40000 - 0x00007ffc21f53000 	D:\Program Files (x86)\java\jre\bin\nio.dll

VM Arguments:
jvm_args: -agentlib:jdwp=transport=dt_socket,address=127.0.0.1:1486,suspend=y,server=n -Dspring.output.ansi.enabled=always -javaagent:C:\Users\Áõ½ð¸ý\AppData\Local\JetBrains\IntelliJIdea2020.1\captureAgent\debugger-agent.jar -Dfile.encoding=UTF-8 
java_command: org.example.BootApplication
java_class_path (initial): D:\Program Files (x86)\java\jre\lib\charsets.jar;D:\Program Files (x86)\java\jre\lib\deploy.jar;D:\Program Files (x86)\java\jre\lib\ext\access-bridge-64.jar;D:\Program Files (x86)\java\jre\lib\ext\cldrdata.jar;D:\Program Files (x86)\java\jre\lib\ext\dnsns.jar;D:\Program Files (x86)\java\jre\lib\ext\jaccess.jar;D:\Program Files (x86)\java\jre\lib\ext\jfxrt.jar;D:\Program Files (x86)\java\jre\lib\ext\localedata.jar;D:\Program Files (x86)\java\jre\lib\ext\nashorn.jar;D:\Program Files (x86)\java\jre\lib\ext\sunec.jar;D:\Program Files (x86)\java\jre\lib\ext\sunjce_provider.jar;D:\Program Files (x86)\java\jre\lib\ext\sunmscapi.jar;D:\Program Files (x86)\java\jre\lib\ext\sunpkcs11.jar;D:\Program Files (x86)\java\jre\lib\ext\zipfs.jar;D:\Program Files (x86)\java\jre\lib\javaws.jar;D:\Program Files (x86)\java\jre\lib\jce.jar;D:\Program Files (x86)\java\jre\lib\jfr.jar;D:\Program Files (x86)\java\jre\lib\jfxswt.jar;D:\Program Files (x86)\java\jre\lib\jsse.jar;D:\Program Files (x86)\java\jre\lib\management-agent.jar;D:\Program Files (x86)\java\jre\lib\plugin.jar;D:\Program Files (x86)\java\jre\lib\resources.jar;D:\Program Files (x86)\java\jre\lib\rt.jar;D:\JavaPrectice\SpringBoot_Study\target\classes;D:\Program Files (x86)\Environment\Repository\Maven\org\springframework\boot\spring-boot-starter-web\2.3.5.RELEASE\spring-boot-starter-web-2.3.5.RELEASE.jar;D:\Program Files (x86)\Environment\Repository\Maven\org\springframework\boot\spring-boot-starter\2.3.5.RELEASE\spring-boot-starter-2.3.5.RELEASE.jar;D:\Program Files (x86)\Environment\Repository\Maven\org\springframework\boot\spring-boot-starter-logging\2.3.5.RELEASE\spring-boot-starter-logging-2.3.5.RELEASE.jar;D:\Program Files (x86)\Environment\Repository\Maven\ch\qos\logback\logback-classic\1.2.3\logback-classic-1.2.3.jar;D:\Program Files (x86)\Environment\Repository\Maven\ch\qos\logback\logback-core\1.2.3\logback-core-1.2.3.jar;D:\Program Files (x86)\Environment\Repository\Maven\org\apache\logg
Launcher Type: SUN_STANDARD

Environment Variables:
JAVA_HOME=D:\Program Files (x86)\java
PATH=C:\WINDOWS\system32;C:\WINDOWS;C:\WINDOWS\System32\Wbem;C:\WINDOWS\System32\WindowsPowerShell\v1.0\;C:\WINDOWS\System32\OpenSSH\;E:\Program Files (x86)\Microsoft SQL Server\110\DTS\Binn\;E:\Program Files (x86)\Microsoft SQL Server\110\Tools\Binn\;E:\Program Files (x86)\Microsoft SQL Server\110\Tools\Binn\ManagementStudio\;C:\Program Files (x86)\Microsoft Visual Studio 10.0\Common7\IDE\PrivateAssemblies\;D:\Program Files (x86)\java\bin;D:\Program Files (x86)\java\jre\bin;E:\Program Files\Microsoft SQL Server\110\Tools\Binn\;C:\Program Files\MySQL\MySQL Server 5.7\bin;D:\Program Files (x86)\Environment\Git\cmd;D:\Program Files (x86)\Xshell\;C:\Program Files (x86)\Windows Kits\8.1\Windows Performance Toolkit\;C:\Program Files\MySQL\MySQL Shell 8.0\bin\
USERNAME=KING
OS=Windows_NT
PROCESSOR_IDENTIFIER=Intel64 Family 6 Model 158 Stepping 10, GenuineIntel



---------------  S Y S T E M  ---------------

OS: Windows 10.0 , 64 bit Build 18362 (10.0.18362.1350)

CPU:total 12 (initial active 12) (6 cores per cpu, 2 threads per core) family 6 model 158 stepping 10, cmov, cx8, fxsr, mmx, sse, sse2, sse3, ssse3, sse4.1, sse4.2, popcnt, avx, avx2, aes, clmul, erms, 3dnowpref, lzcnt, ht, tsc, tscinvbit, bmi1, bmi2, adx

Memory: 4k page, physical 8241976k(587068k free), swap 21788596k(5132k free)

vm_info: Java HotSpot(TM) 64-Bit Server VM (25.271-b09) for windows-amd64 JRE (1.8.0_271-b09), built on Sep 16 2020 19:14:59 by "" with MS VC++ 15.9 (VS2017)

time: Sun Jul  4 11:47:07 2021
timezone: ?D1¨²¡À¨º¡Á?¨º¡À??
elapsed time: 2.250570 seconds (0d 0h 0m 2s)

